The system is: Linux - 3.10.0-957.12.2.el7.ug.x86_64 - x86_64
Compiling the C compiler identification source file "CMakeCCompilerId.c" succeeded.
Compiler: /apps/brussel/CO7/skylake/software/GCCcore/8.3.0/bin/cc 
Build flags: 
Id flags:  

The output was:
0


Compilation of the C compiler identification source "CMakeCCompilerId.c" produced "a.out"

The C compiler identification is GNU, found in "/sulb0/rcostari/rtos_2/CMakeFiles/3.15.3/CompilerIdC/a.out"

Compiling the CXX compiler identification source file "CMakeCXXCompilerId.cpp" succeeded.
Compiler: /apps/brussel/CO7/skylake/software/GCCcore/8.3.0/bin/c++ 
Build flags: 
Id flags:  

The output was:
0


Compilation of the CXX compiler identification source "CMakeCXXCompilerId.cpp" produced "a.out"

The CXX compiler identification is GNU, found in "/sulb0/rcostari/rtos_2/CMakeFiles/3.15.3/CompilerIdCXX/a.out"

Determining if the C compiler works passed with the following output:
Change Dir: /sulb0/rcostari/rtos_2/CMakeFiles/CMakeTmp

Run Build Command(s):/usr/bin/gmake cmTC_68adb/fast && /usr/bin/gmake -f CMakeFiles/cmTC_68adb.dir/build.make CMakeFiles/cmTC_68adb.dir/build
gmake[1]: Entering directory `/netidmnt/netid/_sulb0/rcostari/rtos_2/CMakeFiles/CMakeTmp'
Building C object CMakeFiles/cmTC_68adb.dir/testCCompiler.c.o
/apps/brussel/CO7/skylake/software/GCCcore/8.3.0/bin/cc    -o CMakeFiles/cmTC_68adb.dir/testCCompiler.c.o   -c /sulb0/rcostari/rtos_2/CMakeFiles/CMakeTmp/testCCompiler.c
Linking C executable cmTC_68adb
/theia/home/apps/CO7/skylake/software/CMake/3.15.3-GCCcore-8.3.0/bin/cmake -E cmake_link_script CMakeFiles/cmTC_68adb.dir/link.txt --verbose=1
/apps/brussel/CO7/skylake/software/GCCcore/8.3.0/bin/cc      CMakeFiles/cmTC_68adb.dir/testCCompiler.c.o  -o cmTC_68adb 
gmake[1]: Leaving directory `/netidmnt/netid/_sulb0/rcostari/rtos_2/CMakeFiles/CMakeTmp'



Detecting C compiler ABI info compiled with the following output:
Change Dir: /sulb0/rcostari/rtos_2/CMakeFiles/CMakeTmp

Run Build Command(s):/usr/bin/gmake cmTC_5bd95/fast && /usr/bin/gmake -f CMakeFiles/cmTC_5bd95.dir/build.make CMakeFiles/cmTC_5bd95.dir/build
gmake[1]: Entering directory `/netidmnt/netid/_sulb0/rcostari/rtos_2/CMakeFiles/CMakeTmp'
Building C object CMakeFiles/cmTC_5bd95.dir/CMakeCCompilerABI.c.o
/apps/brussel/CO7/skylake/software/GCCcore/8.3.0/bin/cc   -v -o CMakeFiles/cmTC_5bd95.dir/CMakeCCompilerABI.c.o   -c /theia/home/apps/CO7/skylake/software/CMake/3.15.3-GCCcore-8.3.0/share/cmake-3.15/Modules/CMakeCCompilerABI.c
Using built-in specs.
COLLECT_GCC=/apps/brussel/CO7/skylake/software/GCCcore/8.3.0/bin/cc
Target: x86_64-pc-linux-gnu
Configured with: ../configure --enable-languages=c,c++,fortran --enable-lto --enable-checking=release --disable-multilib --enable-shared=yes --enable-static=yes --enable-threads=posix --enable-plugins --enable-gold=default --enable-ld --with-plugin-ld=ld.gold --prefix=/apps/brussel/CO7/skylake/software/GCCcore/8.3.0 --with-local-prefix=/apps/brussel/CO7/skylake/software/GCCcore/8.3.0 --enable-bootstrap --with-isl=/dev/shm/2057701/build/GCCcore/8.3.0/dummy-/gcc-8.3.0/stage2_stuff
Thread model: posix
gcc version 8.3.0 (GCC) 
COLLECT_GCC_OPTIONS='-v' '-o' 'CMakeFiles/cmTC_5bd95.dir/CMakeCCompilerABI.c.o' '-c' '-mtune=generic' '-march=x86-64'
 /theia/home/apps/CO7/skylake/software/GCCcore/8.3.0/bin/../libexec/gcc/x86_64-pc-linux-gnu/8.3.0/cc1 -quiet -v -iprefix /theia/home/apps/CO7/skylake/software/GCCcore/8.3.0/bin/../lib/gcc/x86_64-pc-linux-gnu/8.3.0/ /theia/home/apps/CO7/skylake/software/CMake/3.15.3-GCCcore-8.3.0/share/cmake-3.15/Modules/CMakeCCompilerABI.c -quiet -dumpbase CMakeCCompilerABI.c -mtune=generic -march=x86-64 -auxbase-strip CMakeFiles/cmTC_5bd95.dir/CMakeCCompilerABI.c.o -version -o /tmp/ccs3m0IB.s
GNU C17 (GCC) version 8.3.0 (x86_64-pc-linux-gnu)
	compiled by GNU C version 8.3.0, GMP version 6.1.2, MPFR version 4.0.2, MPC version 1.1.0, isl version isl-0.20-GMP

GGC heuristics: --param ggc-min-expand=100 --param ggc-min-heapsize=131072
ignoring nonexistent directory "/theia/home/apps/CO7/skylake/software/GCCcore/8.3.0/bin/../lib/gcc/x86_64-pc-linux-gnu/8.3.0/../../../../x86_64-pc-linux-gnu/include"
ignoring duplicate directory "/theia/home/apps/CO7/skylake/software/GCCcore/8.3.0/bin/../lib/gcc/../../lib/gcc/x86_64-pc-linux-gnu/8.3.0/include"
ignoring duplicate directory "/theia/home/apps/CO7/skylake/software/GCCcore/8.3.0/bin/../lib/gcc/../../lib/gcc/x86_64-pc-linux-gnu/8.3.0/include-fixed"
ignoring nonexistent directory "/theia/home/apps/CO7/skylake/software/GCCcore/8.3.0/bin/../lib/gcc/../../lib/gcc/x86_64-pc-linux-gnu/8.3.0/../../../../x86_64-pc-linux-gnu/include"
ignoring duplicate directory "/apps/brussel/CO7/skylake/software/GCCcore/8.3.0/include"
  as it is a non-system directory that duplicates a system directory
#include "..." search starts here:
#include <...> search starts here:
 /apps/brussel/CO7/skylake/software/OpenMPI/3.1.4-GCC-8.3.0/include
 /apps/brussel/CO7/skylake/software/hwloc/1.11.12-GCCcore-8.3.0/include
 /apps/brussel/CO7/skylake/software/libpciaccess/0.14-GCCcore-8.3.0/include
 /apps/brussel/CO7/skylake/software/libxml2/2.9.9-GCCcore-8.3.0/include/libxml2
 /apps/brussel/CO7/skylake/software/libxml2/2.9.9-GCCcore-8.3.0/include
 /apps/brussel/CO7/skylake/software/XZ/5.2.4-GCCcore-8.3.0/include
 /apps/brussel/CO7/skylake/software/numactl/2.0.12-GCCcore-8.3.0/include
 /apps/brussel/CO7/skylake/software/binutils/2.32-GCCcore-8.3.0/include
 /apps/brussel/CO7/skylake/software/cURL/7.66.0-GCCcore-8.3.0/include
 /apps/brussel/CO7/skylake/software/bzip2/1.0.8-GCCcore-8.3.0/include
 /apps/brussel/CO7/skylake/software/zlib/1.2.11-GCCcore-8.3.0/include
 /apps/brussel/CO7/skylake/software/ncurses/6.1-GCCcore-8.3.0/include
 /theia/home/apps/CO7/skylake/software/GCCcore/8.3.0/bin/../lib/gcc/x86_64-pc-linux-gnu/8.3.0/include
 /theia/home/apps/CO7/skylake/software/GCCcore/8.3.0/bin/../lib/gcc/x86_64-pc-linux-gnu/8.3.0/include-fixed
 /apps/brussel/CO7/skylake/software/GCCcore/8.3.0/include
 /usr/include
End of search list.
GNU C17 (GCC) version 8.3.0 (x86_64-pc-linux-gnu)
	compiled by GNU C version 8.3.0, GMP version 6.1.2, MPFR version 4.0.2, MPC version 1.1.0, isl version isl-0.20-GMP

GGC heuristics: --param ggc-min-expand=100 --param ggc-min-heapsize=131072
Compiler executable checksum: a0672b791be9501a34ac37fbda4688e3
COLLECT_GCC_OPTIONS='-v' '-o' 'CMakeFiles/cmTC_5bd95.dir/CMakeCCompilerABI.c.o' '-c' '-mtune=generic' '-march=x86-64'
 as -v --64 -o CMakeFiles/cmTC_5bd95.dir/CMakeCCompilerABI.c.o /tmp/ccs3m0IB.s
GNU assembler version 2.32 (x86_64-pc-linux-gnu) using BFD version (GNU Binutils) 2.32
COMPILER_PATH=/theia/home/apps/CO7/skylake/software/GCCcore/8.3.0/bin/../libexec/gcc/x86_64-pc-linux-gnu/8.3.0/:/theia/home/apps/CO7/skylake/software/GCCcore/8.3.0/bin/../libexec/gcc/
LIBRARY_PATH=/theia/home/apps/CO7/skylake/software/GCCcore/8.3.0/bin/../lib/gcc/x86_64-pc-linux-gnu/8.3.0/:/theia/home/apps/CO7/skylake/software/GCCcore/8.3.0/bin/../lib/gcc/:/apps/brussel/CO7/skylake/software/GCCcore/8.3.0/lib64/../lib64/:/apps/brussel/CO7/skylake/software/GCCcore/8.3.0/lib/../lib64/:/theia/home/apps/CO7/skylake/software/GCCcore/8.3.0/bin/../lib/gcc/x86_64-pc-linux-gnu/8.3.0/../../../../lib64/:/lib/../lib64/:/usr/lib/../lib64/:/apps/brussel/CO7/skylake/software/OpenMPI/3.1.4-GCC-8.3.0/lib/:/apps/brussel/CO7/skylake/software/hwloc/1.11.12-GCCcore-8.3.0/lib/:/apps/brussel/CO7/skylake/software/libpciaccess/0.14-GCCcore-8.3.0/lib/:/apps/brussel/CO7/skylake/software/libxml2/2.9.9-GCCcore-8.3.0/lib/:/apps/brussel/CO7/skylake/software/XZ/5.2.4-GCCcore-8.3.0/lib/:/apps/brussel/CO7/skylake/software/numactl/2.0.12-GCCcore-8.3.0/lib/:/apps/brussel/CO7/skylake/software/binutils/2.32-GCCcore-8.3.0/lib/:/apps/brussel/CO7/skylake/software/cURL/7.66.0-GCCcore-8.3.0/lib/:/apps/brussel/CO7/skylake/software/bzip2/1.0.8-GCCcore-8.3.0/lib/:/apps/brussel/CO7/skylake/software/zlib/1.2.11-GCCcore-8.3.0/lib/:/apps/brussel/CO7/skylake/software/ncurses/6.1-GCCcore-8.3.0/lib/:/apps/brussel/CO7/skylake/software/GCCcore/8.3.0/lib64/:/apps/brussel/CO7/skylake/software/GCCcore/8.3.0/lib/:/theia/home/apps/CO7/skylake/software/GCCcore/8.3.0/bin/../lib/gcc/x86_64-pc-linux-gnu/8.3.0/../../../:/lib/:/usr/lib/
COLLECT_GCC_OPTIONS='-v' '-o' 'CMakeFiles/cmTC_5bd95.dir/CMakeCCompilerABI.c.o' '-c' '-mtune=generic' '-march=x86-64'
Linking C executable cmTC_5bd95
/theia/home/apps/CO7/skylake/software/CMake/3.15.3-GCCcore-8.3.0/bin/cmake -E cmake_link_script CMakeFiles/cmTC_5bd95.dir/link.txt --verbose=1
/apps/brussel/CO7/skylake/software/GCCcore/8.3.0/bin/cc     -v CMakeFiles/cmTC_5bd95.dir/CMakeCCompilerABI.c.o  -o cmTC_5bd95 
Using built-in specs.
COLLECT_GCC=/apps/brussel/CO7/skylake/software/GCCcore/8.3.0/bin/cc
COLLECT_LTO_WRAPPER=/theia/home/apps/CO7/skylake/software/GCCcore/8.3.0/bin/../libexec/gcc/x86_64-pc-linux-gnu/8.3.0/lto-wrapper
Target: x86_64-pc-linux-gnu
Configured with: ../configure --enable-languages=c,c++,fortran --enable-lto --enable-checking=release --disable-multilib --enable-shared=yes --enable-static=yes --enable-threads=posix --enable-plugins --enable-gold=default --enable-ld --with-plugin-ld=ld.gold --prefix=/apps/brussel/CO7/skylake/software/GCCcore/8.3.0 --with-local-prefix=/apps/brussel/CO7/skylake/software/GCCcore/8.3.0 --enable-bootstrap --with-isl=/dev/shm/2057701/build/GCCcore/8.3.0/dummy-/gcc-8.3.0/stage2_stuff
Thread model: posix
gcc version 8.3.0 (GCC) 
COMPILER_PATH=/theia/home/apps/CO7/skylake/software/GCCcore/8.3.0/bin/../libexec/gcc/x86_64-pc-linux-gnu/8.3.0/:/theia/home/apps/CO7/skylake/software/GCCcore/8.3.0/bin/../libexec/gcc/
LIBRARY_PATH=/theia/home/apps/CO7/skylake/software/GCCcore/8.3.0/bin/../lib/gcc/x86_64-pc-linux-gnu/8.3.0/:/theia/home/apps/CO7/skylake/software/GCCcore/8.3.0/bin/../lib/gcc/:/apps/brussel/CO7/skylake/software/GCCcore/8.3.0/lib64/../lib64/:/apps/brussel/CO7/skylake/software/GCCcore/8.3.0/lib/../lib64/:/theia/home/apps/CO7/skylake/software/GCCcore/8.3.0/bin/../lib/gcc/x86_64-pc-linux-gnu/8.3.0/../../../../lib64/:/lib/../lib64/:/usr/lib/../lib64/:/apps/brussel/CO7/skylake/software/OpenMPI/3.1.4-GCC-8.3.0/lib/:/apps/brussel/CO7/skylake/software/hwloc/1.11.12-GCCcore-8.3.0/lib/:/apps/brussel/CO7/skylake/software/libpciaccess/0.14-GCCcore-8.3.0/lib/:/apps/brussel/CO7/skylake/software/libxml2/2.9.9-GCCcore-8.3.0/lib/:/apps/brussel/CO7/skylake/software/XZ/5.2.4-GCCcore-8.3.0/lib/:/apps/brussel/CO7/skylake/software/numactl/2.0.12-GCCcore-8.3.0/lib/:/apps/brussel/CO7/skylake/software/binutils/2.32-GCCcore-8.3.0/lib/:/apps/brussel/CO7/skylake/software/cURL/7.66.0-GCCcore-8.3.0/lib/:/apps/brussel/CO7/skylake/software/bzip2/1.0.8-GCCcore-8.3.0/lib/:/apps/brussel/CO7/skylake/software/zlib/1.2.11-GCCcore-8.3.0/lib/:/apps/brussel/CO7/skylake/software/ncurses/6.1-GCCcore-8.3.0/lib/:/apps/brussel/CO7/skylake/software/GCCcore/8.3.0/lib64/:/apps/brussel/CO7/skylake/software/GCCcore/8.3.0/lib/:/theia/home/apps/CO7/skylake/software/GCCcore/8.3.0/bin/../lib/gcc/x86_64-pc-linux-gnu/8.3.0/../../../:/lib/:/usr/lib/
COLLECT_GCC_OPTIONS='-v' '-o' 'cmTC_5bd95' '-mtune=generic' '-march=x86-64'
 /theia/home/apps/CO7/skylake/software/GCCcore/8.3.0/bin/../libexec/gcc/x86_64-pc-linux-gnu/8.3.0/collect2 -plugin /theia/home/apps/CO7/skylake/software/GCCcore/8.3.0/bin/../libexec/gcc/x86_64-pc-linux-gnu/8.3.0/liblto_plugin.so -plugin-opt=/theia/home/apps/CO7/skylake/software/GCCcore/8.3.0/bin/../libexec/gcc/x86_64-pc-linux-gnu/8.3.0/lto-wrapper -plugin-opt=-fresolution=/tmp/ccLd2ycV.res -plugin-opt=-pass-through=-lgcc -plugin-opt=-pass-through=-lgcc_s -plugin-opt=-pass-through=-lc -plugin-opt=-pass-through=-lgcc -plugin-opt=-pass-through=-lgcc_s --eh-frame-hdr -m elf_x86_64 -dynamic-linker /lib64/ld-linux-x86-64.so.2 -o cmTC_5bd95 /lib/../lib64/crt1.o /lib/../lib64/crti.o /theia/home/apps/CO7/skylake/software/GCCcore/8.3.0/bin/../lib/gcc/x86_64-pc-linux-gnu/8.3.0/crtbegin.o -L/theia/home/apps/CO7/skylake/software/GCCcore/8.3.0/bin/../lib/gcc/x86_64-pc-linux-gnu/8.3.0 -L/theia/home/apps/CO7/skylake/software/GCCcore/8.3.0/bin/../lib/gcc -L/apps/brussel/CO7/skylake/software/GCCcore/8.3.0/lib64/../lib64 -L/apps/brussel/CO7/skylake/software/GCCcore/8.3.0/lib/../lib64 -L/theia/home/apps/CO7/skylake/software/GCCcore/8.3.0/bin/../lib/gcc/x86_64-pc-linux-gnu/8.3.0/../../../../lib64 -L/lib/../lib64 -L/usr/lib/../lib64 -L/apps/brussel/CO7/skylake/software/OpenMPI/3.1.4-GCC-8.3.0/lib -L/apps/brussel/CO7/skylake/software/hwloc/1.11.12-GCCcore-8.3.0/lib -L/apps/brussel/CO7/skylake/software/libpciaccess/0.14-GCCcore-8.3.0/lib -L/apps/brussel/CO7/skylake/software/libxml2/2.9.9-GCCcore-8.3.0/lib -L/apps/brussel/CO7/skylake/software/XZ/5.2.4-GCCcore-8.3.0/lib -L/apps/brussel/CO7/skylake/software/numactl/2.0.12-GCCcore-8.3.0/lib -L/apps/brussel/CO7/skylake/software/binutils/2.32-GCCcore-8.3.0/lib -L/apps/brussel/CO7/skylake/software/cURL/7.66.0-GCCcore-8.3.0/lib -L/apps/brussel/CO7/skylake/software/bzip2/1.0.8-GCCcore-8.3.0/lib -L/apps/brussel/CO7/skylake/software/zlib/1.2.11-GCCcore-8.3.0/lib -L/apps/brussel/CO7/skylake/software/ncurses/6.1-GCCcore-8.3.0/lib -L/apps/brussel/CO7/skylake/software/GCCcore/8.3.0/lib64 -L/apps/brussel/CO7/skylake/software/GCCcore/8.3.0/lib -L/theia/home/apps/CO7/skylake/software/GCCcore/8.3.0/bin/../lib/gcc/x86_64-pc-linux-gnu/8.3.0/../../.. CMakeFiles/cmTC_5bd95.dir/CMakeCCompilerABI.c.o -lgcc --as-needed -lgcc_s --no-as-needed -lc -lgcc --as-needed -lgcc_s --no-as-needed /theia/home/apps/CO7/skylake/software/GCCcore/8.3.0/bin/../lib/gcc/x86_64-pc-linux-gnu/8.3.0/crtend.o /lib/../lib64/crtn.o
COLLECT_GCC_OPTIONS='-v' '-o' 'cmTC_5bd95' '-mtune=generic' '-march=x86-64'
gmake[1]: Leaving directory `/netidmnt/netid/_sulb0/rcostari/rtos_2/CMakeFiles/CMakeTmp'



Parsed C implicit include dir info from above output: rv=done
  found start of include info
  found start of implicit include info
    add: [/apps/brussel/CO7/skylake/software/OpenMPI/3.1.4-GCC-8.3.0/include]
    add: [/apps/brussel/CO7/skylake/software/hwloc/1.11.12-GCCcore-8.3.0/include]
    add: [/apps/brussel/CO7/skylake/software/libpciaccess/0.14-GCCcore-8.3.0/include]
    add: [/apps/brussel/CO7/skylake/software/libxml2/2.9.9-GCCcore-8.3.0/include/libxml2]
    add: [/apps/brussel/CO7/skylake/software/libxml2/2.9.9-GCCcore-8.3.0/include]
    add: [/apps/brussel/CO7/skylake/software/XZ/5.2.4-GCCcore-8.3.0/include]
    add: [/apps/brussel/CO7/skylake/software/numactl/2.0.12-GCCcore-8.3.0/include]
    add: [/apps/brussel/CO7/skylake/software/binutils/2.32-GCCcore-8.3.0/include]
    add: [/apps/brussel/CO7/skylake/software/cURL/7.66.0-GCCcore-8.3.0/include]
    add: [/apps/brussel/CO7/skylake/software/bzip2/1.0.8-GCCcore-8.3.0/include]
    add: [/apps/brussel/CO7/skylake/software/zlib/1.2.11-GCCcore-8.3.0/include]
    add: [/apps/brussel/CO7/skylake/software/ncurses/6.1-GCCcore-8.3.0/include]
    add: [/theia/home/apps/CO7/skylake/software/GCCcore/8.3.0/bin/../lib/gcc/x86_64-pc-linux-gnu/8.3.0/include]
    add: [/theia/home/apps/CO7/skylake/software/GCCcore/8.3.0/bin/../lib/gcc/x86_64-pc-linux-gnu/8.3.0/include-fixed]
    add: [/apps/brussel/CO7/skylake/software/GCCcore/8.3.0/include]
    add: [/usr/include]
  end of search list found
  collapse include dir [/apps/brussel/CO7/skylake/software/OpenMPI/3.1.4-GCC-8.3.0/include] ==> [/apps/brussel/CO7/skylake/software/OpenMPI/3.1.4-GCC-8.3.0/include]
  collapse include dir [/apps/brussel/CO7/skylake/software/hwloc/1.11.12-GCCcore-8.3.0/include] ==> [/apps/brussel/CO7/skylake/software/hwloc/1.11.12-GCCcore-8.3.0/include]
  collapse include dir [/apps/brussel/CO7/skylake/software/libpciaccess/0.14-GCCcore-8.3.0/include] ==> [/apps/brussel/CO7/skylake/software/libpciaccess/0.14-GCCcore-8.3.0/include]
  collapse include dir [/apps/brussel/CO7/skylake/software/libxml2/2.9.9-GCCcore-8.3.0/include/libxml2] ==> [/apps/brussel/CO7/skylake/software/libxml2/2.9.9-GCCcore-8.3.0/include/libxml2]
  collapse include dir [/apps/brussel/CO7/skylake/software/libxml2/2.9.9-GCCcore-8.3.0/include] ==> [/apps/brussel/CO7/skylake/software/libxml2/2.9.9-GCCcore-8.3.0/include]
  collapse include dir [/apps/brussel/CO7/skylake/software/XZ/5.2.4-GCCcore-8.3.0/include] ==> [/apps/brussel/CO7/skylake/software/XZ/5.2.4-GCCcore-8.3.0/include]
  collapse include dir [/apps/brussel/CO7/skylake/software/numactl/2.0.12-GCCcore-8.3.0/include] ==> [/apps/brussel/CO7/skylake/software/numactl/2.0.12-GCCcore-8.3.0/include]
  collapse include dir [/apps/brussel/CO7/skylake/software/binutils/2.32-GCCcore-8.3.0/include] ==> [/apps/brussel/CO7/skylake/software/binutils/2.32-GCCcore-8.3.0/include]
  collapse include dir [/apps/brussel/CO7/skylake/software/cURL/7.66.0-GCCcore-8.3.0/include] ==> [/apps/brussel/CO7/skylake/software/cURL/7.66.0-GCCcore-8.3.0/include]
  collapse include dir [/apps/brussel/CO7/skylake/software/bzip2/1.0.8-GCCcore-8.3.0/include] ==> [/apps/brussel/CO7/skylake/software/bzip2/1.0.8-GCCcore-8.3.0/include]
  collapse include dir [/apps/brussel/CO7/skylake/software/zlib/1.2.11-GCCcore-8.3.0/include] ==> [/apps/brussel/CO7/skylake/software/zlib/1.2.11-GCCcore-8.3.0/include]
  collapse include dir [/apps/brussel/CO7/skylake/software/ncurses/6.1-GCCcore-8.3.0/include] ==> [/apps/brussel/CO7/skylake/software/ncurses/6.1-GCCcore-8.3.0/include]
  collapse include dir [/theia/home/apps/CO7/skylake/software/GCCcore/8.3.0/bin/../lib/gcc/x86_64-pc-linux-gnu/8.3.0/include] ==> [/theia/home/apps/CO7/skylake/software/GCCcore/8.3.0/lib/gcc/x86_64-pc-linux-gnu/8.3.0/include]
  collapse include dir [/theia/home/apps/CO7/skylake/software/GCCcore/8.3.0/bin/../lib/gcc/x86_64-pc-linux-gnu/8.3.0/include-fixed] ==> [/theia/home/apps/CO7/skylake/software/GCCcore/8.3.0/lib/gcc/x86_64-pc-linux-gnu/8.3.0/include-fixed]
  collapse include dir [/apps/brussel/CO7/skylake/software/GCCcore/8.3.0/include] ==> [/apps/brussel/CO7/skylake/software/GCCcore/8.3.0/include]
  collapse include dir [/usr/include] ==> [/usr/include]
  implicit include dirs: [/apps/brussel/CO7/skylake/software/OpenMPI/3.1.4-GCC-8.3.0/include;/apps/brussel/CO7/skylake/software/hwloc/1.11.12-GCCcore-8.3.0/include;/apps/brussel/CO7/skylake/software/libpciaccess/0.14-GCCcore-8.3.0/include;/apps/brussel/CO7/skylake/software/libxml2/2.9.9-GCCcore-8.3.0/include/libxml2;/apps/brussel/CO7/skylake/software/libxml2/2.9.9-GCCcore-8.3.0/include;/apps/brussel/CO7/skylake/software/XZ/5.2.4-GCCcore-8.3.0/include;/apps/brussel/CO7/skylake/software/numactl/2.0.12-GCCcore-8.3.0/include;/apps/brussel/CO7/skylake/software/binutils/2.32-GCCcore-8.3.0/include;/apps/brussel/CO7/skylake/software/cURL/7.66.0-GCCcore-8.3.0/include;/apps/brussel/CO7/skylake/software/bzip2/1.0.8-GCCcore-8.3.0/include;/apps/brussel/CO7/skylake/software/zlib/1.2.11-GCCcore-8.3.0/include;/apps/brussel/CO7/skylake/software/ncurses/6.1-GCCcore-8.3.0/include;/theia/home/apps/CO7/skylake/software/GCCcore/8.3.0/lib/gcc/x86_64-pc-linux-gnu/8.3.0/include;/theia/home/apps/CO7/skylake/software/GCCcore/8.3.0/lib/gcc/x86_64-pc-linux-gnu/8.3.0/include-fixed;/apps/brussel/CO7/skylake/software/GCCcore/8.3.0/include;/usr/include]


Parsed C implicit link information from above output:
  link line regex: [^( *|.*[/\])(ld|CMAKE_LINK_STARTFILE-NOTFOUND|([^/\]+-)?ld|collect2)[^/\]*( |$)]
  ignore line: [Change Dir: /sulb0/rcostari/rtos_2/CMakeFiles/CMakeTmp]
  ignore line: []
  ignore line: [Run Build Command(s):/usr/bin/gmake cmTC_5bd95/fast && /usr/bin/gmake -f CMakeFiles/cmTC_5bd95.dir/build.make CMakeFiles/cmTC_5bd95.dir/build]
  ignore line: [gmake[1]: Entering directory `/netidmnt/netid/_sulb0/rcostari/rtos_2/CMakeFiles/CMakeTmp']
  ignore line: [Building C object CMakeFiles/cmTC_5bd95.dir/CMakeCCompilerABI.c.o]
  ignore line: [/apps/brussel/CO7/skylake/software/GCCcore/8.3.0/bin/cc   -v -o CMakeFiles/cmTC_5bd95.dir/CMakeCCompilerABI.c.o   -c /theia/home/apps/CO7/skylake/software/CMake/3.15.3-GCCcore-8.3.0/share/cmake-3.15/Modules/CMakeCCompilerABI.c]
  ignore line: [Using built-in specs.]
  ignore line: [COLLECT_GCC=/apps/brussel/CO7/skylake/software/GCCcore/8.3.0/bin/cc]
  ignore line: [Target: x86_64-pc-linux-gnu]
  ignore line: [Configured with: ../configure --enable-languages=c,c++,fortran --enable-lto --enable-checking=release --disable-multilib --enable-shared=yes --enable-static=yes --enable-threads=posix --enable-plugins --enable-gold=default --enable-ld --with-plugin-ld=ld.gold --prefix=/apps/brussel/CO7/skylake/software/GCCcore/8.3.0 --with-local-prefix=/apps/brussel/CO7/skylake/software/GCCcore/8.3.0 --enable-bootstrap --with-isl=/dev/shm/2057701/build/GCCcore/8.3.0/dummy-/gcc-8.3.0/stage2_stuff]
  ignore line: [Thread model: posix]
  ignore line: [gcc version 8.3.0 (GCC) ]
  ignore line: [COLLECT_GCC_OPTIONS='-v' '-o' 'CMakeFiles/cmTC_5bd95.dir/CMakeCCompilerABI.c.o' '-c' '-mtune=generic' '-march=x86-64']
  ignore line: [ /theia/home/apps/CO7/skylake/software/GCCcore/8.3.0/bin/../libexec/gcc/x86_64-pc-linux-gnu/8.3.0/cc1 -quiet -v -iprefix /theia/home/apps/CO7/skylake/software/GCCcore/8.3.0/bin/../lib/gcc/x86_64-pc-linux-gnu/8.3.0/ /theia/home/apps/CO7/skylake/software/CMake/3.15.3-GCCcore-8.3.0/share/cmake-3.15/Modules/CMakeCCompilerABI.c -quiet -dumpbase CMakeCCompilerABI.c -mtune=generic -march=x86-64 -auxbase-strip CMakeFiles/cmTC_5bd95.dir/CMakeCCompilerABI.c.o -version -o /tmp/ccs3m0IB.s]
  ignore line: [GNU C17 (GCC) version 8.3.0 (x86_64-pc-linux-gnu)]
  ignore line: [	compiled by GNU C version 8.3.0, GMP version 6.1.2, MPFR version 4.0.2, MPC version 1.1.0, isl version isl-0.20-GMP]
  ignore line: []
  ignore line: [GGC heuristics: --param ggc-min-expand=100 --param ggc-min-heapsize=131072]
  ignore line: [ignoring nonexistent directory "/theia/home/apps/CO7/skylake/software/GCCcore/8.3.0/bin/../lib/gcc/x86_64-pc-linux-gnu/8.3.0/../../../../x86_64-pc-linux-gnu/include"]
  ignore line: [ignoring duplicate directory "/theia/home/apps/CO7/skylake/software/GCCcore/8.3.0/bin/../lib/gcc/../../lib/gcc/x86_64-pc-linux-gnu/8.3.0/include"]
  ignore line: [ignoring duplicate directory "/theia/home/apps/CO7/skylake/software/GCCcore/8.3.0/bin/../lib/gcc/../../lib/gcc/x86_64-pc-linux-gnu/8.3.0/include-fixed"]
  ignore line: [ignoring nonexistent directory "/theia/home/apps/CO7/skylake/software/GCCcore/8.3.0/bin/../lib/gcc/../../lib/gcc/x86_64-pc-linux-gnu/8.3.0/../../../../x86_64-pc-linux-gnu/include"]
  ignore line: [ignoring duplicate directory "/apps/brussel/CO7/skylake/software/GCCcore/8.3.0/include"]
  ignore line: [  as it is a non-system directory that duplicates a system directory]
  ignore line: [#include "..." search starts here:]
  ignore line: [#include <...> search starts here:]
  ignore line: [ /apps/brussel/CO7/skylake/software/OpenMPI/3.1.4-GCC-8.3.0/include]
  ignore line: [ /apps/brussel/CO7/skylake/software/hwloc/1.11.12-GCCcore-8.3.0/include]
  ignore line: [ /apps/brussel/CO7/skylake/software/libpciaccess/0.14-GCCcore-8.3.0/include]
  ignore line: [ /apps/brussel/CO7/skylake/software/libxml2/2.9.9-GCCcore-8.3.0/include/libxml2]
  ignore line: [ /apps/brussel/CO7/skylake/software/libxml2/2.9.9-GCCcore-8.3.0/include]
  ignore line: [ /apps/brussel/CO7/skylake/software/XZ/5.2.4-GCCcore-8.3.0/include]
  ignore line: [ /apps/brussel/CO7/skylake/software/numactl/2.0.12-GCCcore-8.3.0/include]
  ignore line: [ /apps/brussel/CO7/skylake/software/binutils/2.32-GCCcore-8.3.0/include]
  ignore line: [ /apps/brussel/CO7/skylake/software/cURL/7.66.0-GCCcore-8.3.0/include]
  ignore line: [ /apps/brussel/CO7/skylake/software/bzip2/1.0.8-GCCcore-8.3.0/include]
  ignore line: [ /apps/brussel/CO7/skylake/software/zlib/1.2.11-GCCcore-8.3.0/include]
  ignore line: [ /apps/brussel/CO7/skylake/software/ncurses/6.1-GCCcore-8.3.0/include]
  ignore line: [ /theia/home/apps/CO7/skylake/software/GCCcore/8.3.0/bin/../lib/gcc/x86_64-pc-linux-gnu/8.3.0/include]
  ignore line: [ /theia/home/apps/CO7/skylake/software/GCCcore/8.3.0/bin/../lib/gcc/x86_64-pc-linux-gnu/8.3.0/include-fixed]
  ignore line: [ /apps/brussel/CO7/skylake/software/GCCcore/8.3.0/include]
  ignore line: [ /usr/include]
  ignore line: [End of search list.]
  ignore line: [GNU C17 (GCC) version 8.3.0 (x86_64-pc-linux-gnu)]
  ignore line: [	compiled by GNU C version 8.3.0, GMP version 6.1.2, MPFR version 4.0.2, MPC version 1.1.0, isl version isl-0.20-GMP]
  ignore line: []
  ignore line: [GGC heuristics: --param ggc-min-expand=100 --param ggc-min-heapsize=131072]
  ignore line: [Compiler executable checksum: a0672b791be9501a34ac37fbda4688e3]
  ignore line: [COLLECT_GCC_OPTIONS='-v' '-o' 'CMakeFiles/cmTC_5bd95.dir/CMakeCCompilerABI.c.o' '-c' '-mtune=generic' '-march=x86-64']
  ignore line: [ as -v --64 -o CMakeFiles/cmTC_5bd95.dir/CMakeCCompilerABI.c.o /tmp/ccs3m0IB.s]
  ignore line: [GNU assembler version 2.32 (x86_64-pc-linux-gnu) using BFD version (GNU Binutils) 2.32]
  ignore line: [COMPILER_PATH=/theia/home/apps/CO7/skylake/software/GCCcore/8.3.0/bin/../libexec/gcc/x86_64-pc-linux-gnu/8.3.0/:/theia/home/apps/CO7/skylake/software/GCCcore/8.3.0/bin/../libexec/gcc/]
  ignore line: [LIBRARY_PATH=/theia/home/apps/CO7/skylake/software/GCCcore/8.3.0/bin/../lib/gcc/x86_64-pc-linux-gnu/8.3.0/:/theia/home/apps/CO7/skylake/software/GCCcore/8.3.0/bin/../lib/gcc/:/apps/brussel/CO7/skylake/software/GCCcore/8.3.0/lib64/../lib64/:/apps/brussel/CO7/skylake/software/GCCcore/8.3.0/lib/../lib64/:/theia/home/apps/CO7/skylake/software/GCCcore/8.3.0/bin/../lib/gcc/x86_64-pc-linux-gnu/8.3.0/../../../../lib64/:/lib/../lib64/:/usr/lib/../lib64/:/apps/brussel/CO7/skylake/software/OpenMPI/3.1.4-GCC-8.3.0/lib/:/apps/brussel/CO7/skylake/software/hwloc/1.11.12-GCCcore-8.3.0/lib/:/apps/brussel/CO7/skylake/software/libpciaccess/0.14-GCCcore-8.3.0/lib/:/apps/brussel/CO7/skylake/software/libxml2/2.9.9-GCCcore-8.3.0/lib/:/apps/brussel/CO7/skylake/software/XZ/5.2.4-GCCcore-8.3.0/lib/:/apps/brussel/CO7/skylake/software/numactl/2.0.12-GCCcore-8.3.0/lib/:/apps/brussel/CO7/skylake/software/binutils/2.32-GCCcore-8.3.0/lib/:/apps/brussel/CO7/skylake/software/cURL/7.66.0-GCCcore-8.3.0/lib/:/apps/brussel/CO7/skylake/software/bzip2/1.0.8-GCCcore-8.3.0/lib/:/apps/brussel/CO7/skylake/software/zlib/1.2.11-GCCcore-8.3.0/lib/:/apps/brussel/CO7/skylake/software/ncurses/6.1-GCCcore-8.3.0/lib/:/apps/brussel/CO7/skylake/software/GCCcore/8.3.0/lib64/:/apps/brussel/CO7/skylake/software/GCCcore/8.3.0/lib/:/theia/home/apps/CO7/skylake/software/GCCcore/8.3.0/bin/../lib/gcc/x86_64-pc-linux-gnu/8.3.0/../../../:/lib/:/usr/lib/]
  ignore line: [COLLECT_GCC_OPTIONS='-v' '-o' 'CMakeFiles/cmTC_5bd95.dir/CMakeCCompilerABI.c.o' '-c' '-mtune=generic' '-march=x86-64']
  ignore line: [Linking C executable cmTC_5bd95]
  ignore line: [/theia/home/apps/CO7/skylake/software/CMake/3.15.3-GCCcore-8.3.0/bin/cmake -E cmake_link_script CMakeFiles/cmTC_5bd95.dir/link.txt --verbose=1]
  ignore line: [/apps/brussel/CO7/skylake/software/GCCcore/8.3.0/bin/cc     -v CMakeFiles/cmTC_5bd95.dir/CMakeCCompilerABI.c.o  -o cmTC_5bd95 ]
  ignore line: [Using built-in specs.]
  ignore line: [COLLECT_GCC=/apps/brussel/CO7/skylake/software/GCCcore/8.3.0/bin/cc]
  ignore line: [COLLECT_LTO_WRAPPER=/theia/home/apps/CO7/skylake/software/GCCcore/8.3.0/bin/../libexec/gcc/x86_64-pc-linux-gnu/8.3.0/lto-wrapper]
  ignore line: [Target: x86_64-pc-linux-gnu]
  ignore line: [Configured with: ../configure --enable-languages=c,c++,fortran --enable-lto --enable-checking=release --disable-multilib --enable-shared=yes --enable-static=yes --enable-threads=posix --enable-plugins --enable-gold=default --enable-ld --with-plugin-ld=ld.gold --prefix=/apps/brussel/CO7/skylake/software/GCCcore/8.3.0 --with-local-prefix=/apps/brussel/CO7/skylake/software/GCCcore/8.3.0 --enable-bootstrap --with-isl=/dev/shm/2057701/build/GCCcore/8.3.0/dummy-/gcc-8.3.0/stage2_stuff]
  ignore line: [Thread model: posix]
  ignore line: [gcc version 8.3.0 (GCC) ]
  ignore line: [COMPILER_PATH=/theia/home/apps/CO7/skylake/software/GCCcore/8.3.0/bin/../libexec/gcc/x86_64-pc-linux-gnu/8.3.0/:/theia/home/apps/CO7/skylake/software/GCCcore/8.3.0/bin/../libexec/gcc/]
  ignore line: [LIBRARY_PATH=/theia/home/apps/CO7/skylake/software/GCCcore/8.3.0/bin/../lib/gcc/x86_64-pc-linux-gnu/8.3.0/:/theia/home/apps/CO7/skylake/software/GCCcore/8.3.0/bin/../lib/gcc/:/apps/brussel/CO7/skylake/software/GCCcore/8.3.0/lib64/../lib64/:/apps/brussel/CO7/skylake/software/GCCcore/8.3.0/lib/../lib64/:/theia/home/apps/CO7/skylake/software/GCCcore/8.3.0/bin/../lib/gcc/x86_64-pc-linux-gnu/8.3.0/../../../../lib64/:/lib/../lib64/:/usr/lib/../lib64/:/apps/brussel/CO7/skylake/software/OpenMPI/3.1.4-GCC-8.3.0/lib/:/apps/brussel/CO7/skylake/software/hwloc/1.11.12-GCCcore-8.3.0/lib/:/apps/brussel/CO7/skylake/software/libpciaccess/0.14-GCCcore-8.3.0/lib/:/apps/brussel/CO7/skylake/software/libxml2/2.9.9-GCCcore-8.3.0/lib/:/apps/brussel/CO7/skylake/software/XZ/5.2.4-GCCcore-8.3.0/lib/:/apps/brussel/CO7/skylake/software/numactl/2.0.12-GCCcore-8.3.0/lib/:/apps/brussel/CO7/skylake/software/binutils/2.32-GCCcore-8.3.0/lib/:/apps/brussel/CO7/skylake/software/cURL/7.66.0-GCCcore-8.3.0/lib/:/apps/brussel/CO7/skylake/software/bzip2/1.0.8-GCCcore-8.3.0/lib/:/apps/brussel/CO7/skylake/software/zlib/1.2.11-GCCcore-8.3.0/lib/:/apps/brussel/CO7/skylake/software/ncurses/6.1-GCCcore-8.3.0/lib/:/apps/brussel/CO7/skylake/software/GCCcore/8.3.0/lib64/:/apps/brussel/CO7/skylake/software/GCCcore/8.3.0/lib/:/theia/home/apps/CO7/skylake/software/GCCcore/8.3.0/bin/../lib/gcc/x86_64-pc-linux-gnu/8.3.0/../../../:/lib/:/usr/lib/]
  ignore line: [COLLECT_GCC_OPTIONS='-v' '-o' 'cmTC_5bd95' '-mtune=generic' '-march=x86-64']
  link line: [ /theia/home/apps/CO7/skylake/software/GCCcore/8.3.0/bin/../libexec/gcc/x86_64-pc-linux-gnu/8.3.0/collect2 -plugin /theia/home/apps/CO7/skylake/software/GCCcore/8.3.0/bin/../libexec/gcc/x86_64-pc-linux-gnu/8.3.0/liblto_plugin.so -plugin-opt=/theia/home/apps/CO7/skylake/software/GCCcore/8.3.0/bin/../libexec/gcc/x86_64-pc-linux-gnu/8.3.0/lto-wrapper -plugin-opt=-fresolution=/tmp/ccLd2ycV.res -plugin-opt=-pass-through=-lgcc -plugin-opt=-pass-through=-lgcc_s -plugin-opt=-pass-through=-lc -plugin-opt=-pass-through=-lgcc -plugin-opt=-pass-through=-lgcc_s --eh-frame-hdr -m elf_x86_64 -dynamic-linker /lib64/ld-linux-x86-64.so.2 -o cmTC_5bd95 /lib/../lib64/crt1.o /lib/../lib64/crti.o /theia/home/apps/CO7/skylake/software/GCCcore/8.3.0/bin/../lib/gcc/x86_64-pc-linux-gnu/8.3.0/crtbegin.o -L/theia/home/apps/CO7/skylake/software/GCCcore/8.3.0/bin/../lib/gcc/x86_64-pc-linux-gnu/8.3.0 -L/theia/home/apps/CO7/skylake/software/GCCcore/8.3.0/bin/../lib/gcc -L/apps/brussel/CO7/skylake/software/GCCcore/8.3.0/lib64/../lib64 -L/apps/brussel/CO7/skylake/software/GCCcore/8.3.0/lib/../lib64 -L/theia/home/apps/CO7/skylake/software/GCCcore/8.3.0/bin/../lib/gcc/x86_64-pc-linux-gnu/8.3.0/../../../../lib64 -L/lib/../lib64 -L/usr/lib/../lib64 -L/apps/brussel/CO7/skylake/software/OpenMPI/3.1.4-GCC-8.3.0/lib -L/apps/brussel/CO7/skylake/software/hwloc/1.11.12-GCCcore-8.3.0/lib -L/apps/brussel/CO7/skylake/software/libpciaccess/0.14-GCCcore-8.3.0/lib -L/apps/brussel/CO7/skylake/software/libxml2/2.9.9-GCCcore-8.3.0/lib -L/apps/brussel/CO7/skylake/software/XZ/5.2.4-GCCcore-8.3.0/lib -L/apps/brussel/CO7/skylake/software/numactl/2.0.12-GCCcore-8.3.0/lib -L/apps/brussel/CO7/skylake/software/binutils/2.32-GCCcore-8.3.0/lib -L/apps/brussel/CO7/skylake/software/cURL/7.66.0-GCCcore-8.3.0/lib -L/apps/brussel/CO7/skylake/software/bzip2/1.0.8-GCCcore-8.3.0/lib -L/apps/brussel/CO7/skylake/software/zlib/1.2.11-GCCcore-8.3.0/lib -L/apps/brussel/CO7/skylake/software/ncurses/6.1-GCCcore-8.3.0/lib -L/apps/brussel/CO7/skylake/software/GCCcore/8.3.0/lib64 -L/apps/brussel/CO7/skylake/software/GCCcore/8.3.0/lib -L/theia/home/apps/CO7/skylake/software/GCCcore/8.3.0/bin/../lib/gcc/x86_64-pc-linux-gnu/8.3.0/../../.. CMakeFiles/cmTC_5bd95.dir/CMakeCCompilerABI.c.o -lgcc --as-needed -lgcc_s --no-as-needed -lc -lgcc --as-needed -lgcc_s --no-as-needed /theia/home/apps/CO7/skylake/software/GCCcore/8.3.0/bin/../lib/gcc/x86_64-pc-linux-gnu/8.3.0/crtend.o /lib/../lib64/crtn.o]
    arg [/theia/home/apps/CO7/skylake/software/GCCcore/8.3.0/bin/../libexec/gcc/x86_64-pc-linux-gnu/8.3.0/collect2] ==> ignore
    arg [-plugin] ==> ignore
    arg [/theia/home/apps/CO7/skylake/software/GCCcore/8.3.0/bin/../libexec/gcc/x86_64-pc-linux-gnu/8.3.0/liblto_plugin.so] ==> ignore
    arg [-plugin-opt=/theia/home/apps/CO7/skylake/software/GCCcore/8.3.0/bin/../libexec/gcc/x86_64-pc-linux-gnu/8.3.0/lto-wrapper] ==> ignore
    arg [-plugin-opt=-fresolution=/tmp/ccLd2ycV.res] ==> ignore
    arg [-plugin-opt=-pass-through=-lgcc] ==> ignore
    arg [-plugin-opt=-pass-through=-lgcc_s] ==> ignore
    arg [-plugin-opt=-pass-through=-lc] ==> ignore
    arg [-plugin-opt=-pass-through=-lgcc] ==> ignore
    arg [-plugin-opt=-pass-through=-lgcc_s] ==> ignore
    arg [--eh-frame-hdr] ==> ignore
    arg [-m] ==> ignore
    arg [elf_x86_64] ==> ignore
    arg [-dynamic-linker] ==> ignore
    arg [/lib64/ld-linux-x86-64.so.2] ==> ignore
    arg [-o] ==> ignore
    arg [cmTC_5bd95] ==> ignore
    arg [/lib/../lib64/crt1.o] ==> ignore
    arg [/lib/../lib64/crti.o] ==> ignore
    arg [/theia/home/apps/CO7/skylake/software/GCCcore/8.3.0/bin/../lib/gcc/x86_64-pc-linux-gnu/8.3.0/crtbegin.o] ==> ignore
    arg [-L/theia/home/apps/CO7/skylake/software/GCCcore/8.3.0/bin/../lib/gcc/x86_64-pc-linux-gnu/8.3.0] ==> dir [/theia/home/apps/CO7/skylake/software/GCCcore/8.3.0/bin/../lib/gcc/x86_64-pc-linux-gnu/8.3.0]
    arg [-L/theia/home/apps/CO7/skylake/software/GCCcore/8.3.0/bin/../lib/gcc] ==> dir [/theia/home/apps/CO7/skylake/software/GCCcore/8.3.0/bin/../lib/gcc]
    arg [-L/apps/brussel/CO7/skylake/software/GCCcore/8.3.0/lib64/../lib64] ==> dir [/apps/brussel/CO7/skylake/software/GCCcore/8.3.0/lib64/../lib64]
    arg [-L/apps/brussel/CO7/skylake/software/GCCcore/8.3.0/lib/../lib64] ==> dir [/apps/brussel/CO7/skylake/software/GCCcore/8.3.0/lib/../lib64]
    arg [-L/theia/home/apps/CO7/skylake/software/GCCcore/8.3.0/bin/../lib/gcc/x86_64-pc-linux-gnu/8.3.0/../../../../lib64] ==> dir [/theia/home/apps/CO7/skylake/software/GCCcore/8.3.0/bin/../lib/gcc/x86_64-pc-linux-gnu/8.3.0/../../../../lib64]
    arg [-L/lib/../lib64] ==> dir [/lib/../lib64]
    arg [-L/usr/lib/../lib64] ==> dir [/usr/lib/../lib64]
    arg [-L/apps/brussel/CO7/skylake/software/OpenMPI/3.1.4-GCC-8.3.0/lib] ==> dir [/apps/brussel/CO7/skylake/software/OpenMPI/3.1.4-GCC-8.3.0/lib]
    arg [-L/apps/brussel/CO7/skylake/software/hwloc/1.11.12-GCCcore-8.3.0/lib] ==> dir [/apps/brussel/CO7/skylake/software/hwloc/1.11.12-GCCcore-8.3.0/lib]
    arg [-L/apps/brussel/CO7/skylake/software/libpciaccess/0.14-GCCcore-8.3.0/lib] ==> dir [/apps/brussel/CO7/skylake/software/libpciaccess/0.14-GCCcore-8.3.0/lib]
    arg [-L/apps/brussel/CO7/skylake/software/libxml2/2.9.9-GCCcore-8.3.0/lib] ==> dir [/apps/brussel/CO7/skylake/software/libxml2/2.9.9-GCCcore-8.3.0/lib]
    arg [-L/apps/brussel/CO7/skylake/software/XZ/5.2.4-GCCcore-8.3.0/lib] ==> dir [/apps/brussel/CO7/skylake/software/XZ/5.2.4-GCCcore-8.3.0/lib]
    arg [-L/apps/brussel/CO7/skylake/software/numactl/2.0.12-GCCcore-8.3.0/lib] ==> dir [/apps/brussel/CO7/skylake/software/numactl/2.0.12-GCCcore-8.3.0/lib]
    arg [-L/apps/brussel/CO7/skylake/software/binutils/2.32-GCCcore-8.3.0/lib] ==> dir [/apps/brussel/CO7/skylake/software/binutils/2.32-GCCcore-8.3.0/lib]
    arg [-L/apps/brussel/CO7/skylake/software/cURL/7.66.0-GCCcore-8.3.0/lib] ==> dir [/apps/brussel/CO7/skylake/software/cURL/7.66.0-GCCcore-8.3.0/lib]
    arg [-L/apps/brussel/CO7/skylake/software/bzip2/1.0.8-GCCcore-8.3.0/lib] ==> dir [/apps/brussel/CO7/skylake/software/bzip2/1.0.8-GCCcore-8.3.0/lib]
    arg [-L/apps/brussel/CO7/skylake/software/zlib/1.2.11-GCCcore-8.3.0/lib] ==> dir [/apps/brussel/CO7/skylake/software/zlib/1.2.11-GCCcore-8.3.0/lib]
    arg [-L/apps/brussel/CO7/skylake/software/ncurses/6.1-GCCcore-8.3.0/lib] ==> dir [/apps/brussel/CO7/skylake/software/ncurses/6.1-GCCcore-8.3.0/lib]
    arg [-L/apps/brussel/CO7/skylake/software/GCCcore/8.3.0/lib64] ==> dir [/apps/brussel/CO7/skylake/software/GCCcore/8.3.0/lib64]
    arg [-L/apps/brussel/CO7/skylake/software/GCCcore/8.3.0/lib] ==> dir [/apps/brussel/CO7/skylake/software/GCCcore/8.3.0/lib]
    arg [-L/theia/home/apps/CO7/skylake/software/GCCcore/8.3.0/bin/../lib/gcc/x86_64-pc-linux-gnu/8.3.0/../../..] ==> dir [/theia/home/apps/CO7/skylake/software/GCCcore/8.3.0/bin/../lib/gcc/x86_64-pc-linux-gnu/8.3.0/../../..]
    arg [CMakeFiles/cmTC_5bd95.dir/CMakeCCompilerABI.c.o] ==> ignore
    arg [-lgcc] ==> lib [gcc]
    arg [--as-needed] ==> ignore
    arg [-lgcc_s] ==> lib [gcc_s]
    arg [--no-as-needed] ==> ignore
    arg [-lc] ==> lib [c]
    arg [-lgcc] ==> lib [gcc]
    arg [--as-needed] ==> ignore
    arg [-lgcc_s] ==> lib [gcc_s]
    arg [--no-as-needed] ==> ignore
    arg [/theia/home/apps/CO7/skylake/software/GCCcore/8.3.0/bin/../lib/gcc/x86_64-pc-linux-gnu/8.3.0/crtend.o] ==> ignore
    arg [/lib/../lib64/crtn.o] ==> ignore
  collapse library dir [/theia/home/apps/CO7/skylake/software/GCCcore/8.3.0/bin/../lib/gcc/x86_64-pc-linux-gnu/8.3.0] ==> [/theia/home/apps/CO7/skylake/software/GCCcore/8.3.0/lib/gcc/x86_64-pc-linux-gnu/8.3.0]
  collapse library dir [/theia/home/apps/CO7/skylake/software/GCCcore/8.3.0/bin/../lib/gcc] ==> [/theia/home/apps/CO7/skylake/software/GCCcore/8.3.0/lib/gcc]
  collapse library dir [/apps/brussel/CO7/skylake/software/GCCcore/8.3.0/lib64/../lib64] ==> [/apps/brussel/CO7/skylake/software/GCCcore/8.3.0/lib64]
  collapse library dir [/apps/brussel/CO7/skylake/software/GCCcore/8.3.0/lib/../lib64] ==> [/apps/brussel/CO7/skylake/software/GCCcore/8.3.0/lib64]
  collapse library dir [/theia/home/apps/CO7/skylake/software/GCCcore/8.3.0/bin/../lib/gcc/x86_64-pc-linux-gnu/8.3.0/../../../../lib64] ==> [/theia/home/apps/CO7/skylake/software/GCCcore/8.3.0/lib64]
  collapse library dir [/lib/../lib64] ==> [/lib64]
  collapse library dir [/usr/lib/../lib64] ==> [/usr/lib64]
  collapse library dir [/apps/brussel/CO7/skylake/software/OpenMPI/3.1.4-GCC-8.3.0/lib] ==> [/apps/brussel/CO7/skylake/software/OpenMPI/3.1.4-GCC-8.3.0/lib]
  collapse library dir [/apps/brussel/CO7/skylake/software/hwloc/1.11.12-GCCcore-8.3.0/lib] ==> [/apps/brussel/CO7/skylake/software/hwloc/1.11.12-GCCcore-8.3.0/lib]
  collapse library dir [/apps/brussel/CO7/skylake/software/libpciaccess/0.14-GCCcore-8.3.0/lib] ==> [/apps/brussel/CO7/skylake/software/libpciaccess/0.14-GCCcore-8.3.0/lib]
  collapse library dir [/apps/brussel/CO7/skylake/software/libxml2/2.9.9-GCCcore-8.3.0/lib] ==> [/apps/brussel/CO7/skylake/software/libxml2/2.9.9-GCCcore-8.3.0/lib]
  collapse library dir [/apps/brussel/CO7/skylake/software/XZ/5.2.4-GCCcore-8.3.0/lib] ==> [/apps/brussel/CO7/skylake/software/XZ/5.2.4-GCCcore-8.3.0/lib]
  collapse library dir [/apps/brussel/CO7/skylake/software/numactl/2.0.12-GCCcore-8.3.0/lib] ==> [/apps/brussel/CO7/skylake/software/numactl/2.0.12-GCCcore-8.3.0/lib]
  collapse library dir [/apps/brussel/CO7/skylake/software/binutils/2.32-GCCcore-8.3.0/lib] ==> [/apps/brussel/CO7/skylake/software/binutils/2.32-GCCcore-8.3.0/lib]
  collapse library dir [/apps/brussel/CO7/skylake/software/cURL/7.66.0-GCCcore-8.3.0/lib] ==> [/apps/brussel/CO7/skylake/software/cURL/7.66.0-GCCcore-8.3.0/lib]
  collapse library dir [/apps/brussel/CO7/skylake/software/bzip2/1.0.8-GCCcore-8.3.0/lib] ==> [/apps/brussel/CO7/skylake/software/bzip2/1.0.8-GCCcore-8.3.0/lib]
  collapse library dir [/apps/brussel/CO7/skylake/software/zlib/1.2.11-GCCcore-8.3.0/lib] ==> [/apps/brussel/CO7/skylake/software/zlib/1.2.11-GCCcore-8.3.0/lib]
  collapse library dir [/apps/brussel/CO7/skylake/software/ncurses/6.1-GCCcore-8.3.0/lib] ==> [/apps/brussel/CO7/skylake/software/ncurses/6.1-GCCcore-8.3.0/lib]
  collapse library dir [/apps/brussel/CO7/skylake/software/GCCcore/8.3.0/lib64] ==> [/apps/brussel/CO7/skylake/software/GCCcore/8.3.0/lib64]
  collapse library dir [/apps/brussel/CO7/skylake/software/GCCcore/8.3.0/lib] ==> [/apps/brussel/CO7/skylake/software/GCCcore/8.3.0/lib]
  collapse library dir [/theia/home/apps/CO7/skylake/software/GCCcore/8.3.0/bin/../lib/gcc/x86_64-pc-linux-gnu/8.3.0/../../..] ==> [/theia/home/apps/CO7/skylake/software/GCCcore/8.3.0/lib]
  implicit libs: [gcc;gcc_s;c;gcc;gcc_s]
  implicit dirs: [/theia/home/apps/CO7/skylake/software/GCCcore/8.3.0/lib/gcc/x86_64-pc-linux-gnu/8.3.0;/theia/home/apps/CO7/skylake/software/GCCcore/8.3.0/lib/gcc;/apps/brussel/CO7/skylake/software/GCCcore/8.3.0/lib64;/theia/home/apps/CO7/skylake/software/GCCcore/8.3.0/lib64;/lib64;/usr/lib64;/apps/brussel/CO7/skylake/software/OpenMPI/3.1.4-GCC-8.3.0/lib;/apps/brussel/CO7/skylake/software/hwloc/1.11.12-GCCcore-8.3.0/lib;/apps/brussel/CO7/skylake/software/libpciaccess/0.14-GCCcore-8.3.0/lib;/apps/brussel/CO7/skylake/software/libxml2/2.9.9-GCCcore-8.3.0/lib;/apps/brussel/CO7/skylake/software/XZ/5.2.4-GCCcore-8.3.0/lib;/apps/brussel/CO7/skylake/software/numactl/2.0.12-GCCcore-8.3.0/lib;/apps/brussel/CO7/skylake/software/binutils/2.32-GCCcore-8.3.0/lib;/apps/brussel/CO7/skylake/software/cURL/7.66.0-GCCcore-8.3.0/lib;/apps/brussel/CO7/skylake/software/bzip2/1.0.8-GCCcore-8.3.0/lib;/apps/brussel/CO7/skylake/software/zlib/1.2.11-GCCcore-8.3.0/lib;/apps/brussel/CO7/skylake/software/ncurses/6.1-GCCcore-8.3.0/lib;/apps/brussel/CO7/skylake/software/GCCcore/8.3.0/lib;/theia/home/apps/CO7/skylake/software/GCCcore/8.3.0/lib]
  implicit fwks: []


Determining if the CXX compiler works passed with the following output:
Change Dir: /sulb0/rcostari/rtos_2/CMakeFiles/CMakeTmp

Run Build Command(s):/usr/bin/gmake cmTC_b1061/fast && /usr/bin/gmake -f CMakeFiles/cmTC_b1061.dir/build.make CMakeFiles/cmTC_b1061.dir/build
gmake[1]: Entering directory `/netidmnt/netid/_sulb0/rcostari/rtos_2/CMakeFiles/CMakeTmp'
Building CXX object CMakeFiles/cmTC_b1061.dir/testCXXCompiler.cxx.o
/apps/brussel/CO7/skylake/software/GCCcore/8.3.0/bin/c++     -o CMakeFiles/cmTC_b1061.dir/testCXXCompiler.cxx.o -c /sulb0/rcostari/rtos_2/CMakeFiles/CMakeTmp/testCXXCompiler.cxx
Linking CXX executable cmTC_b1061
/theia/home/apps/CO7/skylake/software/CMake/3.15.3-GCCcore-8.3.0/bin/cmake -E cmake_link_script CMakeFiles/cmTC_b1061.dir/link.txt --verbose=1
/apps/brussel/CO7/skylake/software/GCCcore/8.3.0/bin/c++       CMakeFiles/cmTC_b1061.dir/testCXXCompiler.cxx.o  -o cmTC_b1061 
gmake[1]: Leaving directory `/netidmnt/netid/_sulb0/rcostari/rtos_2/CMakeFiles/CMakeTmp'



Detecting CXX compiler ABI info compiled with the following output:
Change Dir: /sulb0/rcostari/rtos_2/CMakeFiles/CMakeTmp

Run Build Command(s):/usr/bin/gmake cmTC_75756/fast && /usr/bin/gmake -f CMakeFiles/cmTC_75756.dir/build.make CMakeFiles/cmTC_75756.dir/build
gmake[1]: Entering directory `/netidmnt/netid/_sulb0/rcostari/rtos_2/CMakeFiles/CMakeTmp'
Building CXX object CMakeFiles/cmTC_75756.dir/CMakeCXXCompilerABI.cpp.o
/apps/brussel/CO7/skylake/software/GCCcore/8.3.0/bin/c++    -v -o CMakeFiles/cmTC_75756.dir/CMakeCXXCompilerABI.cpp.o -c /theia/home/apps/CO7/skylake/software/CMake/3.15.3-GCCcore-8.3.0/share/cmake-3.15/Modules/CMakeCXXCompilerABI.cpp
Using built-in specs.
COLLECT_GCC=/apps/brussel/CO7/skylake/software/GCCcore/8.3.0/bin/c++
Target: x86_64-pc-linux-gnu
Configured with: ../configure --enable-languages=c,c++,fortran --enable-lto --enable-checking=release --disable-multilib --enable-shared=yes --enable-static=yes --enable-threads=posix --enable-plugins --enable-gold=default --enable-ld --with-plugin-ld=ld.gold --prefix=/apps/brussel/CO7/skylake/software/GCCcore/8.3.0 --with-local-prefix=/apps/brussel/CO7/skylake/software/GCCcore/8.3.0 --enable-bootstrap --with-isl=/dev/shm/2057701/build/GCCcore/8.3.0/dummy-/gcc-8.3.0/stage2_stuff
Thread model: posix
gcc version 8.3.0 (GCC) 
COLLECT_GCC_OPTIONS='-v' '-o' 'CMakeFiles/cmTC_75756.dir/CMakeCXXCompilerABI.cpp.o' '-c' '-shared-libgcc' '-mtune=generic' '-march=x86-64'
 /theia/home/apps/CO7/skylake/software/GCCcore/8.3.0/bin/../libexec/gcc/x86_64-pc-linux-gnu/8.3.0/cc1plus -quiet -v -iprefix /theia/home/apps/CO7/skylake/software/GCCcore/8.3.0/bin/../lib/gcc/x86_64-pc-linux-gnu/8.3.0/ -D_GNU_SOURCE /theia/home/apps/CO7/skylake/software/CMake/3.15.3-GCCcore-8.3.0/share/cmake-3.15/Modules/CMakeCXXCompilerABI.cpp -quiet -dumpbase CMakeCXXCompilerABI.cpp -mtune=generic -march=x86-64 -auxbase-strip CMakeFiles/cmTC_75756.dir/CMakeCXXCompilerABI.cpp.o -version -o /tmp/cc2x7Mkm.s
GNU C++14 (GCC) version 8.3.0 (x86_64-pc-linux-gnu)
	compiled by GNU C version 8.3.0, GMP version 6.1.2, MPFR version 4.0.2, MPC version 1.1.0, isl version isl-0.20-GMP

GGC heuristics: --param ggc-min-expand=100 --param ggc-min-heapsize=131072
ignoring nonexistent directory "/theia/home/apps/CO7/skylake/software/GCCcore/8.3.0/bin/../lib/gcc/x86_64-pc-linux-gnu/8.3.0/../../../../x86_64-pc-linux-gnu/include"
ignoring duplicate directory "/theia/home/apps/CO7/skylake/software/GCCcore/8.3.0/bin/../lib/gcc/../../lib/gcc/x86_64-pc-linux-gnu/8.3.0/../../../../include/c++/8.3.0"
ignoring duplicate directory "/theia/home/apps/CO7/skylake/software/GCCcore/8.3.0/bin/../lib/gcc/../../lib/gcc/x86_64-pc-linux-gnu/8.3.0/../../../../include/c++/8.3.0/x86_64-pc-linux-gnu"
ignoring duplicate directory "/theia/home/apps/CO7/skylake/software/GCCcore/8.3.0/bin/../lib/gcc/../../lib/gcc/x86_64-pc-linux-gnu/8.3.0/../../../../include/c++/8.3.0/backward"
ignoring duplicate directory "/theia/home/apps/CO7/skylake/software/GCCcore/8.3.0/bin/../lib/gcc/../../lib/gcc/x86_64-pc-linux-gnu/8.3.0/include"
ignoring duplicate directory "/theia/home/apps/CO7/skylake/software/GCCcore/8.3.0/bin/../lib/gcc/../../lib/gcc/x86_64-pc-linux-gnu/8.3.0/include-fixed"
ignoring nonexistent directory "/theia/home/apps/CO7/skylake/software/GCCcore/8.3.0/bin/../lib/gcc/../../lib/gcc/x86_64-pc-linux-gnu/8.3.0/../../../../x86_64-pc-linux-gnu/include"
ignoring duplicate directory "/apps/brussel/CO7/skylake/software/GCCcore/8.3.0/include"
  as it is a non-system directory that duplicates a system directory
#include "..." search starts here:
#include <...> search starts here:
 /apps/brussel/CO7/skylake/software/OpenMPI/3.1.4-GCC-8.3.0/include
 /apps/brussel/CO7/skylake/software/hwloc/1.11.12-GCCcore-8.3.0/include
 /apps/brussel/CO7/skylake/software/libpciaccess/0.14-GCCcore-8.3.0/include
 /apps/brussel/CO7/skylake/software/libxml2/2.9.9-GCCcore-8.3.0/include/libxml2
 /apps/brussel/CO7/skylake/software/libxml2/2.9.9-GCCcore-8.3.0/include
 /apps/brussel/CO7/skylake/software/XZ/5.2.4-GCCcore-8.3.0/include
 /apps/brussel/CO7/skylake/software/numactl/2.0.12-GCCcore-8.3.0/include
 /apps/brussel/CO7/skylake/software/binutils/2.32-GCCcore-8.3.0/include
 /apps/brussel/CO7/skylake/software/cURL/7.66.0-GCCcore-8.3.0/include
 /apps/brussel/CO7/skylake/software/bzip2/1.0.8-GCCcore-8.3.0/include
 /apps/brussel/CO7/skylake/software/zlib/1.2.11-GCCcore-8.3.0/include
 /apps/brussel/CO7/skylake/software/ncurses/6.1-GCCcore-8.3.0/include
 /theia/home/apps/CO7/skylake/software/GCCcore/8.3.0/bin/../lib/gcc/x86_64-pc-linux-gnu/8.3.0/../../../../include/c++/8.3.0
 /theia/home/apps/CO7/skylake/software/GCCcore/8.3.0/bin/../lib/gcc/x86_64-pc-linux-gnu/8.3.0/../../../../include/c++/8.3.0/x86_64-pc-linux-gnu
 /theia/home/apps/CO7/skylake/software/GCCcore/8.3.0/bin/../lib/gcc/x86_64-pc-linux-gnu/8.3.0/../../../../include/c++/8.3.0/backward
 /theia/home/apps/CO7/skylake/software/GCCcore/8.3.0/bin/../lib/gcc/x86_64-pc-linux-gnu/8.3.0/include
 /theia/home/apps/CO7/skylake/software/GCCcore/8.3.0/bin/../lib/gcc/x86_64-pc-linux-gnu/8.3.0/include-fixed
 /apps/brussel/CO7/skylake/software/GCCcore/8.3.0/include
 /usr/include
End of search list.
GNU C++14 (GCC) version 8.3.0 (x86_64-pc-linux-gnu)
	compiled by GNU C version 8.3.0, GMP version 6.1.2, MPFR version 4.0.2, MPC version 1.1.0, isl version isl-0.20-GMP

GGC heuristics: --param ggc-min-expand=100 --param ggc-min-heapsize=131072
Compiler executable checksum: a164054edab967733988a62d91ff2a32
COLLECT_GCC_OPTIONS='-v' '-o' 'CMakeFiles/cmTC_75756.dir/CMakeCXXCompilerABI.cpp.o' '-c' '-shared-libgcc' '-mtune=generic' '-march=x86-64'
 as -v --64 -o CMakeFiles/cmTC_75756.dir/CMakeCXXCompilerABI.cpp.o /tmp/cc2x7Mkm.s
GNU assembler version 2.32 (x86_64-pc-linux-gnu) using BFD version (GNU Binutils) 2.32
COMPILER_PATH=/theia/home/apps/CO7/skylake/software/GCCcore/8.3.0/bin/../libexec/gcc/x86_64-pc-linux-gnu/8.3.0/:/theia/home/apps/CO7/skylake/software/GCCcore/8.3.0/bin/../libexec/gcc/
LIBRARY_PATH=/theia/home/apps/CO7/skylake/software/GCCcore/8.3.0/bin/../lib/gcc/x86_64-pc-linux-gnu/8.3.0/:/theia/home/apps/CO7/skylake/software/GCCcore/8.3.0/bin/../lib/gcc/:/apps/brussel/CO7/skylake/software/GCCcore/8.3.0/lib64/../lib64/:/apps/brussel/CO7/skylake/software/GCCcore/8.3.0/lib/../lib64/:/theia/home/apps/CO7/skylake/software/GCCcore/8.3.0/bin/../lib/gcc/x86_64-pc-linux-gnu/8.3.0/../../../../lib64/:/lib/../lib64/:/usr/lib/../lib64/:/apps/brussel/CO7/skylake/software/OpenMPI/3.1.4-GCC-8.3.0/lib/:/apps/brussel/CO7/skylake/software/hwloc/1.11.12-GCCcore-8.3.0/lib/:/apps/brussel/CO7/skylake/software/libpciaccess/0.14-GCCcore-8.3.0/lib/:/apps/brussel/CO7/skylake/software/libxml2/2.9.9-GCCcore-8.3.0/lib/:/apps/brussel/CO7/skylake/software/XZ/5.2.4-GCCcore-8.3.0/lib/:/apps/brussel/CO7/skylake/software/numactl/2.0.12-GCCcore-8.3.0/lib/:/apps/brussel/CO7/skylake/software/binutils/2.32-GCCcore-8.3.0/lib/:/apps/brussel/CO7/skylake/software/cURL/7.66.0-GCCcore-8.3.0/lib/:/apps/brussel/CO7/skylake/software/bzip2/1.0.8-GCCcore-8.3.0/lib/:/apps/brussel/CO7/skylake/software/zlib/1.2.11-GCCcore-8.3.0/lib/:/apps/brussel/CO7/skylake/software/ncurses/6.1-GCCcore-8.3.0/lib/:/apps/brussel/CO7/skylake/software/GCCcore/8.3.0/lib64/:/apps/brussel/CO7/skylake/software/GCCcore/8.3.0/lib/:/theia/home/apps/CO7/skylake/software/GCCcore/8.3.0/bin/../lib/gcc/x86_64-pc-linux-gnu/8.3.0/../../../:/lib/:/usr/lib/
COLLECT_GCC_OPTIONS='-v' '-o' 'CMakeFiles/cmTC_75756.dir/CMakeCXXCompilerABI.cpp.o' '-c' '-shared-libgcc' '-mtune=generic' '-march=x86-64'
Linking CXX executable cmTC_75756
/theia/home/apps/CO7/skylake/software/CMake/3.15.3-GCCcore-8.3.0/bin/cmake -E cmake_link_script CMakeFiles/cmTC_75756.dir/link.txt --verbose=1
/apps/brussel/CO7/skylake/software/GCCcore/8.3.0/bin/c++      -v CMakeFiles/cmTC_75756.dir/CMakeCXXCompilerABI.cpp.o  -o cmTC_75756 
Using built-in specs.
COLLECT_GCC=/apps/brussel/CO7/skylake/software/GCCcore/8.3.0/bin/c++
COLLECT_LTO_WRAPPER=/theia/home/apps/CO7/skylake/software/GCCcore/8.3.0/bin/../libexec/gcc/x86_64-pc-linux-gnu/8.3.0/lto-wrapper
Target: x86_64-pc-linux-gnu
Configured with: ../configure --enable-languages=c,c++,fortran --enable-lto --enable-checking=release --disable-multilib --enable-shared=yes --enable-static=yes --enable-threads=posix --enable-plugins --enable-gold=default --enable-ld --with-plugin-ld=ld.gold --prefix=/apps/brussel/CO7/skylake/software/GCCcore/8.3.0 --with-local-prefix=/apps/brussel/CO7/skylake/software/GCCcore/8.3.0 --enable-bootstrap --with-isl=/dev/shm/2057701/build/GCCcore/8.3.0/dummy-/gcc-8.3.0/stage2_stuff
Thread model: posix
gcc version 8.3.0 (GCC) 
COMPILER_PATH=/theia/home/apps/CO7/skylake/software/GCCcore/8.3.0/bin/../libexec/gcc/x86_64-pc-linux-gnu/8.3.0/:/theia/home/apps/CO7/skylake/software/GCCcore/8.3.0/bin/../libexec/gcc/
LIBRARY_PATH=/theia/home/apps/CO7/skylake/software/GCCcore/8.3.0/bin/../lib/gcc/x86_64-pc-linux-gnu/8.3.0/:/theia/home/apps/CO7/skylake/software/GCCcore/8.3.0/bin/../lib/gcc/:/apps/brussel/CO7/skylake/software/GCCcore/8.3.0/lib64/../lib64/:/apps/brussel/CO7/skylake/software/GCCcore/8.3.0/lib/../lib64/:/theia/home/apps/CO7/skylake/software/GCCcore/8.3.0/bin/../lib/gcc/x86_64-pc-linux-gnu/8.3.0/../../../../lib64/:/lib/../lib64/:/usr/lib/../lib64/:/apps/brussel/CO7/skylake/software/OpenMPI/3.1.4-GCC-8.3.0/lib/:/apps/brussel/CO7/skylake/software/hwloc/1.11.12-GCCcore-8.3.0/lib/:/apps/brussel/CO7/skylake/software/libpciaccess/0.14-GCCcore-8.3.0/lib/:/apps/brussel/CO7/skylake/software/libxml2/2.9.9-GCCcore-8.3.0/lib/:/apps/brussel/CO7/skylake/software/XZ/5.2.4-GCCcore-8.3.0/lib/:/apps/brussel/CO7/skylake/software/numactl/2.0.12-GCCcore-8.3.0/lib/:/apps/brussel/CO7/skylake/software/binutils/2.32-GCCcore-8.3.0/lib/:/apps/brussel/CO7/skylake/software/cURL/7.66.0-GCCcore-8.3.0/lib/:/apps/brussel/CO7/skylake/software/bzip2/1.0.8-GCCcore-8.3.0/lib/:/apps/brussel/CO7/skylake/software/zlib/1.2.11-GCCcore-8.3.0/lib/:/apps/brussel/CO7/skylake/software/ncurses/6.1-GCCcore-8.3.0/lib/:/apps/brussel/CO7/skylake/software/GCCcore/8.3.0/lib64/:/apps/brussel/CO7/skylake/software/GCCcore/8.3.0/lib/:/theia/home/apps/CO7/skylake/software/GCCcore/8.3.0/bin/../lib/gcc/x86_64-pc-linux-gnu/8.3.0/../../../:/lib/:/usr/lib/
COLLECT_GCC_OPTIONS='-v' '-o' 'cmTC_75756' '-shared-libgcc' '-mtune=generic' '-march=x86-64'
 /theia/home/apps/CO7/skylake/software/GCCcore/8.3.0/bin/../libexec/gcc/x86_64-pc-linux-gnu/8.3.0/collect2 -plugin /theia/home/apps/CO7/skylake/software/GCCcore/8.3.0/bin/../libexec/gcc/x86_64-pc-linux-gnu/8.3.0/liblto_plugin.so -plugin-opt=/theia/home/apps/CO7/skylake/software/GCCcore/8.3.0/bin/../libexec/gcc/x86_64-pc-linux-gnu/8.3.0/lto-wrapper -plugin-opt=-fresolution=/tmp/ccz5aLuz.res -plugin-opt=-pass-through=-lgcc_s -plugin-opt=-pass-through=-lgcc -plugin-opt=-pass-through=-lc -plugin-opt=-pass-through=-lgcc_s -plugin-opt=-pass-through=-lgcc --eh-frame-hdr -m elf_x86_64 -dynamic-linker /lib64/ld-linux-x86-64.so.2 -o cmTC_75756 /lib/../lib64/crt1.o /lib/../lib64/crti.o /theia/home/apps/CO7/skylake/software/GCCcore/8.3.0/bin/../lib/gcc/x86_64-pc-linux-gnu/8.3.0/crtbegin.o -L/theia/home/apps/CO7/skylake/software/GCCcore/8.3.0/bin/../lib/gcc/x86_64-pc-linux-gnu/8.3.0 -L/theia/home/apps/CO7/skylake/software/GCCcore/8.3.0/bin/../lib/gcc -L/apps/brussel/CO7/skylake/software/GCCcore/8.3.0/lib64/../lib64 -L/apps/brussel/CO7/skylake/software/GCCcore/8.3.0/lib/../lib64 -L/theia/home/apps/CO7/skylake/software/GCCcore/8.3.0/bin/../lib/gcc/x86_64-pc-linux-gnu/8.3.0/../../../../lib64 -L/lib/../lib64 -L/usr/lib/../lib64 -L/apps/brussel/CO7/skylake/software/OpenMPI/3.1.4-GCC-8.3.0/lib -L/apps/brussel/CO7/skylake/software/hwloc/1.11.12-GCCcore-8.3.0/lib -L/apps/brussel/CO7/skylake/software/libpciaccess/0.14-GCCcore-8.3.0/lib -L/apps/brussel/CO7/skylake/software/libxml2/2.9.9-GCCcore-8.3.0/lib -L/apps/brussel/CO7/skylake/software/XZ/5.2.4-GCCcore-8.3.0/lib -L/apps/brussel/CO7/skylake/software/numactl/2.0.12-GCCcore-8.3.0/lib -L/apps/brussel/CO7/skylake/software/binutils/2.32-GCCcore-8.3.0/lib -L/apps/brussel/CO7/skylake/software/cURL/7.66.0-GCCcore-8.3.0/lib -L/apps/brussel/CO7/skylake/software/bzip2/1.0.8-GCCcore-8.3.0/lib -L/apps/brussel/CO7/skylake/software/zlib/1.2.11-GCCcore-8.3.0/lib -L/apps/brussel/CO7/skylake/software/ncurses/6.1-GCCcore-8.3.0/lib -L/apps/brussel/CO7/skylake/software/GCCcore/8.3.0/lib64 -L/apps/brussel/CO7/skylake/software/GCCcore/8.3.0/lib -L/theia/home/apps/CO7/skylake/software/GCCcore/8.3.0/bin/../lib/gcc/x86_64-pc-linux-gnu/8.3.0/../../.. CMakeFiles/cmTC_75756.dir/CMakeCXXCompilerABI.cpp.o -lstdc++ -lm -lgcc_s -lgcc -lc -lgcc_s -lgcc /theia/home/apps/CO7/skylake/software/GCCcore/8.3.0/bin/../lib/gcc/x86_64-pc-linux-gnu/8.3.0/crtend.o /lib/../lib64/crtn.o
COLLECT_GCC_OPTIONS='-v' '-o' 'cmTC_75756' '-shared-libgcc' '-mtune=generic' '-march=x86-64'
gmake[1]: Leaving directory `/netidmnt/netid/_sulb0/rcostari/rtos_2/CMakeFiles/CMakeTmp'



Parsed CXX implicit include dir info from above output: rv=done
  found start of include info
  found start of implicit include info
    add: [/apps/brussel/CO7/skylake/software/OpenMPI/3.1.4-GCC-8.3.0/include]
    add: [/apps/brussel/CO7/skylake/software/hwloc/1.11.12-GCCcore-8.3.0/include]
    add: [/apps/brussel/CO7/skylake/software/libpciaccess/0.14-GCCcore-8.3.0/include]
    add: [/apps/brussel/CO7/skylake/software/libxml2/2.9.9-GCCcore-8.3.0/include/libxml2]
    add: [/apps/brussel/CO7/skylake/software/libxml2/2.9.9-GCCcore-8.3.0/include]
    add: [/apps/brussel/CO7/skylake/software/XZ/5.2.4-GCCcore-8.3.0/include]
    add: [/apps/brussel/CO7/skylake/software/numactl/2.0.12-GCCcore-8.3.0/include]
    add: [/apps/brussel/CO7/skylake/software/binutils/2.32-GCCcore-8.3.0/include]
    add: [/apps/brussel/CO7/skylake/software/cURL/7.66.0-GCCcore-8.3.0/include]
    add: [/apps/brussel/CO7/skylake/software/bzip2/1.0.8-GCCcore-8.3.0/include]
    add: [/apps/brussel/CO7/skylake/software/zlib/1.2.11-GCCcore-8.3.0/include]
    add: [/apps/brussel/CO7/skylake/software/ncurses/6.1-GCCcore-8.3.0/include]
    add: [/theia/home/apps/CO7/skylake/software/GCCcore/8.3.0/bin/../lib/gcc/x86_64-pc-linux-gnu/8.3.0/../../../../include/c++/8.3.0]
    add: [/theia/home/apps/CO7/skylake/software/GCCcore/8.3.0/bin/../lib/gcc/x86_64-pc-linux-gnu/8.3.0/../../../../include/c++/8.3.0/x86_64-pc-linux-gnu]
    add: [/theia/home/apps/CO7/skylake/software/GCCcore/8.3.0/bin/../lib/gcc/x86_64-pc-linux-gnu/8.3.0/../../../../include/c++/8.3.0/backward]
    add: [/theia/home/apps/CO7/skylake/software/GCCcore/8.3.0/bin/../lib/gcc/x86_64-pc-linux-gnu/8.3.0/include]
    add: [/theia/home/apps/CO7/skylake/software/GCCcore/8.3.0/bin/../lib/gcc/x86_64-pc-linux-gnu/8.3.0/include-fixed]
    add: [/apps/brussel/CO7/skylake/software/GCCcore/8.3.0/include]
    add: [/usr/include]
  end of search list found
  collapse include dir [/apps/brussel/CO7/skylake/software/OpenMPI/3.1.4-GCC-8.3.0/include] ==> [/apps/brussel/CO7/skylake/software/OpenMPI/3.1.4-GCC-8.3.0/include]
  collapse include dir [/apps/brussel/CO7/skylake/software/hwloc/1.11.12-GCCcore-8.3.0/include] ==> [/apps/brussel/CO7/skylake/software/hwloc/1.11.12-GCCcore-8.3.0/include]
  collapse include dir [/apps/brussel/CO7/skylake/software/libpciaccess/0.14-GCCcore-8.3.0/include] ==> [/apps/brussel/CO7/skylake/software/libpciaccess/0.14-GCCcore-8.3.0/include]
  collapse include dir [/apps/brussel/CO7/skylake/software/libxml2/2.9.9-GCCcore-8.3.0/include/libxml2] ==> [/apps/brussel/CO7/skylake/software/libxml2/2.9.9-GCCcore-8.3.0/include/libxml2]
  collapse include dir [/apps/brussel/CO7/skylake/software/libxml2/2.9.9-GCCcore-8.3.0/include] ==> [/apps/brussel/CO7/skylake/software/libxml2/2.9.9-GCCcore-8.3.0/include]
  collapse include dir [/apps/brussel/CO7/skylake/software/XZ/5.2.4-GCCcore-8.3.0/include] ==> [/apps/brussel/CO7/skylake/software/XZ/5.2.4-GCCcore-8.3.0/include]
  collapse include dir [/apps/brussel/CO7/skylake/software/numactl/2.0.12-GCCcore-8.3.0/include] ==> [/apps/brussel/CO7/skylake/software/numactl/2.0.12-GCCcore-8.3.0/include]
  collapse include dir [/apps/brussel/CO7/skylake/software/binutils/2.32-GCCcore-8.3.0/include] ==> [/apps/brussel/CO7/skylake/software/binutils/2.32-GCCcore-8.3.0/include]
  collapse include dir [/apps/brussel/CO7/skylake/software/cURL/7.66.0-GCCcore-8.3.0/include] ==> [/apps/brussel/CO7/skylake/software/cURL/7.66.0-GCCcore-8.3.0/include]
  collapse include dir [/apps/brussel/CO7/skylake/software/bzip2/1.0.8-GCCcore-8.3.0/include] ==> [/apps/brussel/CO7/skylake/software/bzip2/1.0.8-GCCcore-8.3.0/include]
  collapse include dir [/apps/brussel/CO7/skylake/software/zlib/1.2.11-GCCcore-8.3.0/include] ==> [/apps/brussel/CO7/skylake/software/zlib/1.2.11-GCCcore-8.3.0/include]
  collapse include dir [/apps/brussel/CO7/skylake/software/ncurses/6.1-GCCcore-8.3.0/include] ==> [/apps/brussel/CO7/skylake/software/ncurses/6.1-GCCcore-8.3.0/include]
  collapse include dir [/theia/home/apps/CO7/skylake/software/GCCcore/8.3.0/bin/../lib/gcc/x86_64-pc-linux-gnu/8.3.0/../../../../include/c++/8.3.0] ==> [/theia/home/apps/CO7/skylake/software/GCCcore/8.3.0/include/c++/8.3.0]
  collapse include dir [/theia/home/apps/CO7/skylake/software/GCCcore/8.3.0/bin/../lib/gcc/x86_64-pc-linux-gnu/8.3.0/../../../../include/c++/8.3.0/x86_64-pc-linux-gnu] ==> [/theia/home/apps/CO7/skylake/software/GCCcore/8.3.0/include/c++/8.3.0/x86_64-pc-linux-gnu]
  collapse include dir [/theia/home/apps/CO7/skylake/software/GCCcore/8.3.0/bin/../lib/gcc/x86_64-pc-linux-gnu/8.3.0/../../../../include/c++/8.3.0/backward] ==> [/theia/home/apps/CO7/skylake/software/GCCcore/8.3.0/include/c++/8.3.0/backward]
  collapse include dir [/theia/home/apps/CO7/skylake/software/GCCcore/8.3.0/bin/../lib/gcc/x86_64-pc-linux-gnu/8.3.0/include] ==> [/theia/home/apps/CO7/skylake/software/GCCcore/8.3.0/lib/gcc/x86_64-pc-linux-gnu/8.3.0/include]
  collapse include dir [/theia/home/apps/CO7/skylake/software/GCCcore/8.3.0/bin/../lib/gcc/x86_64-pc-linux-gnu/8.3.0/include-fixed] ==> [/theia/home/apps/CO7/skylake/software/GCCcore/8.3.0/lib/gcc/x86_64-pc-linux-gnu/8.3.0/include-fixed]
  collapse include dir [/apps/brussel/CO7/skylake/software/GCCcore/8.3.0/include] ==> [/apps/brussel/CO7/skylake/software/GCCcore/8.3.0/include]
  collapse include dir [/usr/include] ==> [/usr/include]
  implicit include dirs: [/apps/brussel/CO7/skylake/software/OpenMPI/3.1.4-GCC-8.3.0/include;/apps/brussel/CO7/skylake/software/hwloc/1.11.12-GCCcore-8.3.0/include;/apps/brussel/CO7/skylake/software/libpciaccess/0.14-GCCcore-8.3.0/include;/apps/brussel/CO7/skylake/software/libxml2/2.9.9-GCCcore-8.3.0/include/libxml2;/apps/brussel/CO7/skylake/software/libxml2/2.9.9-GCCcore-8.3.0/include;/apps/brussel/CO7/skylake/software/XZ/5.2.4-GCCcore-8.3.0/include;/apps/brussel/CO7/skylake/software/numactl/2.0.12-GCCcore-8.3.0/include;/apps/brussel/CO7/skylake/software/binutils/2.32-GCCcore-8.3.0/include;/apps/brussel/CO7/skylake/software/cURL/7.66.0-GCCcore-8.3.0/include;/apps/brussel/CO7/skylake/software/bzip2/1.0.8-GCCcore-8.3.0/include;/apps/brussel/CO7/skylake/software/zlib/1.2.11-GCCcore-8.3.0/include;/apps/brussel/CO7/skylake/software/ncurses/6.1-GCCcore-8.3.0/include;/theia/home/apps/CO7/skylake/software/GCCcore/8.3.0/include/c++/8.3.0;/theia/home/apps/CO7/skylake/software/GCCcore/8.3.0/include/c++/8.3.0/x86_64-pc-linux-gnu;/theia/home/apps/CO7/skylake/software/GCCcore/8.3.0/include/c++/8.3.0/backward;/theia/home/apps/CO7/skylake/software/GCCcore/8.3.0/lib/gcc/x86_64-pc-linux-gnu/8.3.0/include;/theia/home/apps/CO7/skylake/software/GCCcore/8.3.0/lib/gcc/x86_64-pc-linux-gnu/8.3.0/include-fixed;/apps/brussel/CO7/skylake/software/GCCcore/8.3.0/include;/usr/include]


Parsed CXX implicit link information from above output:
  link line regex: [^( *|.*[/\])(ld|CMAKE_LINK_STARTFILE-NOTFOUND|([^/\]+-)?ld|collect2)[^/\]*( |$)]
  ignore line: [Change Dir: /sulb0/rcostari/rtos_2/CMakeFiles/CMakeTmp]
  ignore line: []
  ignore line: [Run Build Command(s):/usr/bin/gmake cmTC_75756/fast && /usr/bin/gmake -f CMakeFiles/cmTC_75756.dir/build.make CMakeFiles/cmTC_75756.dir/build]
  ignore line: [gmake[1]: Entering directory `/netidmnt/netid/_sulb0/rcostari/rtos_2/CMakeFiles/CMakeTmp']
  ignore line: [Building CXX object CMakeFiles/cmTC_75756.dir/CMakeCXXCompilerABI.cpp.o]
  ignore line: [/apps/brussel/CO7/skylake/software/GCCcore/8.3.0/bin/c++    -v -o CMakeFiles/cmTC_75756.dir/CMakeCXXCompilerABI.cpp.o -c /theia/home/apps/CO7/skylake/software/CMake/3.15.3-GCCcore-8.3.0/share/cmake-3.15/Modules/CMakeCXXCompilerABI.cpp]
  ignore line: [Using built-in specs.]
  ignore line: [COLLECT_GCC=/apps/brussel/CO7/skylake/software/GCCcore/8.3.0/bin/c++]
  ignore line: [Target: x86_64-pc-linux-gnu]
  ignore line: [Configured with: ../configure --enable-languages=c,c++,fortran --enable-lto --enable-checking=release --disable-multilib --enable-shared=yes --enable-static=yes --enable-threads=posix --enable-plugins --enable-gold=default --enable-ld --with-plugin-ld=ld.gold --prefix=/apps/brussel/CO7/skylake/software/GCCcore/8.3.0 --with-local-prefix=/apps/brussel/CO7/skylake/software/GCCcore/8.3.0 --enable-bootstrap --with-isl=/dev/shm/2057701/build/GCCcore/8.3.0/dummy-/gcc-8.3.0/stage2_stuff]
  ignore line: [Thread model: posix]
  ignore line: [gcc version 8.3.0 (GCC) ]
  ignore line: [COLLECT_GCC_OPTIONS='-v' '-o' 'CMakeFiles/cmTC_75756.dir/CMakeCXXCompilerABI.cpp.o' '-c' '-shared-libgcc' '-mtune=generic' '-march=x86-64']
  ignore line: [ /theia/home/apps/CO7/skylake/software/GCCcore/8.3.0/bin/../libexec/gcc/x86_64-pc-linux-gnu/8.3.0/cc1plus -quiet -v -iprefix /theia/home/apps/CO7/skylake/software/GCCcore/8.3.0/bin/../lib/gcc/x86_64-pc-linux-gnu/8.3.0/ -D_GNU_SOURCE /theia/home/apps/CO7/skylake/software/CMake/3.15.3-GCCcore-8.3.0/share/cmake-3.15/Modules/CMakeCXXCompilerABI.cpp -quiet -dumpbase CMakeCXXCompilerABI.cpp -mtune=generic -march=x86-64 -auxbase-strip CMakeFiles/cmTC_75756.dir/CMakeCXXCompilerABI.cpp.o -version -o /tmp/cc2x7Mkm.s]
  ignore line: [GNU C++14 (GCC) version 8.3.0 (x86_64-pc-linux-gnu)]
  ignore line: [	compiled by GNU C version 8.3.0, GMP version 6.1.2, MPFR version 4.0.2, MPC version 1.1.0, isl version isl-0.20-GMP]
  ignore line: []
  ignore line: [GGC heuristics: --param ggc-min-expand=100 --param ggc-min-heapsize=131072]
  ignore line: [ignoring nonexistent directory "/theia/home/apps/CO7/skylake/software/GCCcore/8.3.0/bin/../lib/gcc/x86_64-pc-linux-gnu/8.3.0/../../../../x86_64-pc-linux-gnu/include"]
  ignore line: [ignoring duplicate directory "/theia/home/apps/CO7/skylake/software/GCCcore/8.3.0/bin/../lib/gcc/../../lib/gcc/x86_64-pc-linux-gnu/8.3.0/../../../../include/c++/8.3.0"]
  ignore line: [ignoring duplicate directory "/theia/home/apps/CO7/skylake/software/GCCcore/8.3.0/bin/../lib/gcc/../../lib/gcc/x86_64-pc-linux-gnu/8.3.0/../../../../include/c++/8.3.0/x86_64-pc-linux-gnu"]
  ignore line: [ignoring duplicate directory "/theia/home/apps/CO7/skylake/software/GCCcore/8.3.0/bin/../lib/gcc/../../lib/gcc/x86_64-pc-linux-gnu/8.3.0/../../../../include/c++/8.3.0/backward"]
  ignore line: [ignoring duplicate directory "/theia/home/apps/CO7/skylake/software/GCCcore/8.3.0/bin/../lib/gcc/../../lib/gcc/x86_64-pc-linux-gnu/8.3.0/include"]
  ignore line: [ignoring duplicate directory "/theia/home/apps/CO7/skylake/software/GCCcore/8.3.0/bin/../lib/gcc/../../lib/gcc/x86_64-pc-linux-gnu/8.3.0/include-fixed"]
  ignore line: [ignoring nonexistent directory "/theia/home/apps/CO7/skylake/software/GCCcore/8.3.0/bin/../lib/gcc/../../lib/gcc/x86_64-pc-linux-gnu/8.3.0/../../../../x86_64-pc-linux-gnu/include"]
  ignore line: [ignoring duplicate directory "/apps/brussel/CO7/skylake/software/GCCcore/8.3.0/include"]
  ignore line: [  as it is a non-system directory that duplicates a system directory]
  ignore line: [#include "..." search starts here:]
  ignore line: [#include <...> search starts here:]
  ignore line: [ /apps/brussel/CO7/skylake/software/OpenMPI/3.1.4-GCC-8.3.0/include]
  ignore line: [ /apps/brussel/CO7/skylake/software/hwloc/1.11.12-GCCcore-8.3.0/include]
  ignore line: [ /apps/brussel/CO7/skylake/software/libpciaccess/0.14-GCCcore-8.3.0/include]
  ignore line: [ /apps/brussel/CO7/skylake/software/libxml2/2.9.9-GCCcore-8.3.0/include/libxml2]
  ignore line: [ /apps/brussel/CO7/skylake/software/libxml2/2.9.9-GCCcore-8.3.0/include]
  ignore line: [ /apps/brussel/CO7/skylake/software/XZ/5.2.4-GCCcore-8.3.0/include]
  ignore line: [ /apps/brussel/CO7/skylake/software/numactl/2.0.12-GCCcore-8.3.0/include]
  ignore line: [ /apps/brussel/CO7/skylake/software/binutils/2.32-GCCcore-8.3.0/include]
  ignore line: [ /apps/brussel/CO7/skylake/software/cURL/7.66.0-GCCcore-8.3.0/include]
  ignore line: [ /apps/brussel/CO7/skylake/software/bzip2/1.0.8-GCCcore-8.3.0/include]
  ignore line: [ /apps/brussel/CO7/skylake/software/zlib/1.2.11-GCCcore-8.3.0/include]
  ignore line: [ /apps/brussel/CO7/skylake/software/ncurses/6.1-GCCcore-8.3.0/include]
  ignore line: [ /theia/home/apps/CO7/skylake/software/GCCcore/8.3.0/bin/../lib/gcc/x86_64-pc-linux-gnu/8.3.0/../../../../include/c++/8.3.0]
  ignore line: [ /theia/home/apps/CO7/skylake/software/GCCcore/8.3.0/bin/../lib/gcc/x86_64-pc-linux-gnu/8.3.0/../../../../include/c++/8.3.0/x86_64-pc-linux-gnu]
  ignore line: [ /theia/home/apps/CO7/skylake/software/GCCcore/8.3.0/bin/../lib/gcc/x86_64-pc-linux-gnu/8.3.0/../../../../include/c++/8.3.0/backward]
  ignore line: [ /theia/home/apps/CO7/skylake/software/GCCcore/8.3.0/bin/../lib/gcc/x86_64-pc-linux-gnu/8.3.0/include]
  ignore line: [ /theia/home/apps/CO7/skylake/software/GCCcore/8.3.0/bin/../lib/gcc/x86_64-pc-linux-gnu/8.3.0/include-fixed]
  ignore line: [ /apps/brussel/CO7/skylake/software/GCCcore/8.3.0/include]
  ignore line: [ /usr/include]
  ignore line: [End of search list.]
  ignore line: [GNU C++14 (GCC) version 8.3.0 (x86_64-pc-linux-gnu)]
  ignore line: [	compiled by GNU C version 8.3.0, GMP version 6.1.2, MPFR version 4.0.2, MPC version 1.1.0, isl version isl-0.20-GMP]
  ignore line: []
  ignore line: [GGC heuristics: --param ggc-min-expand=100 --param ggc-min-heapsize=131072]
  ignore line: [Compiler executable checksum: a164054edab967733988a62d91ff2a32]
  ignore line: [COLLECT_GCC_OPTIONS='-v' '-o' 'CMakeFiles/cmTC_75756.dir/CMakeCXXCompilerABI.cpp.o' '-c' '-shared-libgcc' '-mtune=generic' '-march=x86-64']
  ignore line: [ as -v --64 -o CMakeFiles/cmTC_75756.dir/CMakeCXXCompilerABI.cpp.o /tmp/cc2x7Mkm.s]
  ignore line: [GNU assembler version 2.32 (x86_64-pc-linux-gnu) using BFD version (GNU Binutils) 2.32]
  ignore line: [COMPILER_PATH=/theia/home/apps/CO7/skylake/software/GCCcore/8.3.0/bin/../libexec/gcc/x86_64-pc-linux-gnu/8.3.0/:/theia/home/apps/CO7/skylake/software/GCCcore/8.3.0/bin/../libexec/gcc/]
  ignore line: [LIBRARY_PATH=/theia/home/apps/CO7/skylake/software/GCCcore/8.3.0/bin/../lib/gcc/x86_64-pc-linux-gnu/8.3.0/:/theia/home/apps/CO7/skylake/software/GCCcore/8.3.0/bin/../lib/gcc/:/apps/brussel/CO7/skylake/software/GCCcore/8.3.0/lib64/../lib64/:/apps/brussel/CO7/skylake/software/GCCcore/8.3.0/lib/../lib64/:/theia/home/apps/CO7/skylake/software/GCCcore/8.3.0/bin/../lib/gcc/x86_64-pc-linux-gnu/8.3.0/../../../../lib64/:/lib/../lib64/:/usr/lib/../lib64/:/apps/brussel/CO7/skylake/software/OpenMPI/3.1.4-GCC-8.3.0/lib/:/apps/brussel/CO7/skylake/software/hwloc/1.11.12-GCCcore-8.3.0/lib/:/apps/brussel/CO7/skylake/software/libpciaccess/0.14-GCCcore-8.3.0/lib/:/apps/brussel/CO7/skylake/software/libxml2/2.9.9-GCCcore-8.3.0/lib/:/apps/brussel/CO7/skylake/software/XZ/5.2.4-GCCcore-8.3.0/lib/:/apps/brussel/CO7/skylake/software/numactl/2.0.12-GCCcore-8.3.0/lib/:/apps/brussel/CO7/skylake/software/binutils/2.32-GCCcore-8.3.0/lib/:/apps/brussel/CO7/skylake/software/cURL/7.66.0-GCCcore-8.3.0/lib/:/apps/brussel/CO7/skylake/software/bzip2/1.0.8-GCCcore-8.3.0/lib/:/apps/brussel/CO7/skylake/software/zlib/1.2.11-GCCcore-8.3.0/lib/:/apps/brussel/CO7/skylake/software/ncurses/6.1-GCCcore-8.3.0/lib/:/apps/brussel/CO7/skylake/software/GCCcore/8.3.0/lib64/:/apps/brussel/CO7/skylake/software/GCCcore/8.3.0/lib/:/theia/home/apps/CO7/skylake/software/GCCcore/8.3.0/bin/../lib/gcc/x86_64-pc-linux-gnu/8.3.0/../../../:/lib/:/usr/lib/]
  ignore line: [COLLECT_GCC_OPTIONS='-v' '-o' 'CMakeFiles/cmTC_75756.dir/CMakeCXXCompilerABI.cpp.o' '-c' '-shared-libgcc' '-mtune=generic' '-march=x86-64']
  ignore line: [Linking CXX executable cmTC_75756]
  ignore line: [/theia/home/apps/CO7/skylake/software/CMake/3.15.3-GCCcore-8.3.0/bin/cmake -E cmake_link_script CMakeFiles/cmTC_75756.dir/link.txt --verbose=1]
  ignore line: [/apps/brussel/CO7/skylake/software/GCCcore/8.3.0/bin/c++      -v CMakeFiles/cmTC_75756.dir/CMakeCXXCompilerABI.cpp.o  -o cmTC_75756 ]
  ignore line: [Using built-in specs.]
  ignore line: [COLLECT_GCC=/apps/brussel/CO7/skylake/software/GCCcore/8.3.0/bin/c++]
  ignore line: [COLLECT_LTO_WRAPPER=/theia/home/apps/CO7/skylake/software/GCCcore/8.3.0/bin/../libexec/gcc/x86_64-pc-linux-gnu/8.3.0/lto-wrapper]
  ignore line: [Target: x86_64-pc-linux-gnu]
  ignore line: [Configured with: ../configure --enable-languages=c,c++,fortran --enable-lto --enable-checking=release --disable-multilib --enable-shared=yes --enable-static=yes --enable-threads=posix --enable-plugins --enable-gold=default --enable-ld --with-plugin-ld=ld.gold --prefix=/apps/brussel/CO7/skylake/software/GCCcore/8.3.0 --with-local-prefix=/apps/brussel/CO7/skylake/software/GCCcore/8.3.0 --enable-bootstrap --with-isl=/dev/shm/2057701/build/GCCcore/8.3.0/dummy-/gcc-8.3.0/stage2_stuff]
  ignore line: [Thread model: posix]
  ignore line: [gcc version 8.3.0 (GCC) ]
  ignore line: [COMPILER_PATH=/theia/home/apps/CO7/skylake/software/GCCcore/8.3.0/bin/../libexec/gcc/x86_64-pc-linux-gnu/8.3.0/:/theia/home/apps/CO7/skylake/software/GCCcore/8.3.0/bin/../libexec/gcc/]
  ignore line: [LIBRARY_PATH=/theia/home/apps/CO7/skylake/software/GCCcore/8.3.0/bin/../lib/gcc/x86_64-pc-linux-gnu/8.3.0/:/theia/home/apps/CO7/skylake/software/GCCcore/8.3.0/bin/../lib/gcc/:/apps/brussel/CO7/skylake/software/GCCcore/8.3.0/lib64/../lib64/:/apps/brussel/CO7/skylake/software/GCCcore/8.3.0/lib/../lib64/:/theia/home/apps/CO7/skylake/software/GCCcore/8.3.0/bin/../lib/gcc/x86_64-pc-linux-gnu/8.3.0/../../../../lib64/:/lib/../lib64/:/usr/lib/../lib64/:/apps/brussel/CO7/skylake/software/OpenMPI/3.1.4-GCC-8.3.0/lib/:/apps/brussel/CO7/skylake/software/hwloc/1.11.12-GCCcore-8.3.0/lib/:/apps/brussel/CO7/skylake/software/libpciaccess/0.14-GCCcore-8.3.0/lib/:/apps/brussel/CO7/skylake/software/libxml2/2.9.9-GCCcore-8.3.0/lib/:/apps/brussel/CO7/skylake/software/XZ/5.2.4-GCCcore-8.3.0/lib/:/apps/brussel/CO7/skylake/software/numactl/2.0.12-GCCcore-8.3.0/lib/:/apps/brussel/CO7/skylake/software/binutils/2.32-GCCcore-8.3.0/lib/:/apps/brussel/CO7/skylake/software/cURL/7.66.0-GCCcore-8.3.0/lib/:/apps/brussel/CO7/skylake/software/bzip2/1.0.8-GCCcore-8.3.0/lib/:/apps/brussel/CO7/skylake/software/zlib/1.2.11-GCCcore-8.3.0/lib/:/apps/brussel/CO7/skylake/software/ncurses/6.1-GCCcore-8.3.0/lib/:/apps/brussel/CO7/skylake/software/GCCcore/8.3.0/lib64/:/apps/brussel/CO7/skylake/software/GCCcore/8.3.0/lib/:/theia/home/apps/CO7/skylake/software/GCCcore/8.3.0/bin/../lib/gcc/x86_64-pc-linux-gnu/8.3.0/../../../:/lib/:/usr/lib/]
  ignore line: [COLLECT_GCC_OPTIONS='-v' '-o' 'cmTC_75756' '-shared-libgcc' '-mtune=generic' '-march=x86-64']
  link line: [ /theia/home/apps/CO7/skylake/software/GCCcore/8.3.0/bin/../libexec/gcc/x86_64-pc-linux-gnu/8.3.0/collect2 -plugin /theia/home/apps/CO7/skylake/software/GCCcore/8.3.0/bin/../libexec/gcc/x86_64-pc-linux-gnu/8.3.0/liblto_plugin.so -plugin-opt=/theia/home/apps/CO7/skylake/software/GCCcore/8.3.0/bin/../libexec/gcc/x86_64-pc-linux-gnu/8.3.0/lto-wrapper -plugin-opt=-fresolution=/tmp/ccz5aLuz.res -plugin-opt=-pass-through=-lgcc_s -plugin-opt=-pass-through=-lgcc -plugin-opt=-pass-through=-lc -plugin-opt=-pass-through=-lgcc_s -plugin-opt=-pass-through=-lgcc --eh-frame-hdr -m elf_x86_64 -dynamic-linker /lib64/ld-linux-x86-64.so.2 -o cmTC_75756 /lib/../lib64/crt1.o /lib/../lib64/crti.o /theia/home/apps/CO7/skylake/software/GCCcore/8.3.0/bin/../lib/gcc/x86_64-pc-linux-gnu/8.3.0/crtbegin.o -L/theia/home/apps/CO7/skylake/software/GCCcore/8.3.0/bin/../lib/gcc/x86_64-pc-linux-gnu/8.3.0 -L/theia/home/apps/CO7/skylake/software/GCCcore/8.3.0/bin/../lib/gcc -L/apps/brussel/CO7/skylake/software/GCCcore/8.3.0/lib64/../lib64 -L/apps/brussel/CO7/skylake/software/GCCcore/8.3.0/lib/../lib64 -L/theia/home/apps/CO7/skylake/software/GCCcore/8.3.0/bin/../lib/gcc/x86_64-pc-linux-gnu/8.3.0/../../../../lib64 -L/lib/../lib64 -L/usr/lib/../lib64 -L/apps/brussel/CO7/skylake/software/OpenMPI/3.1.4-GCC-8.3.0/lib -L/apps/brussel/CO7/skylake/software/hwloc/1.11.12-GCCcore-8.3.0/lib -L/apps/brussel/CO7/skylake/software/libpciaccess/0.14-GCCcore-8.3.0/lib -L/apps/brussel/CO7/skylake/software/libxml2/2.9.9-GCCcore-8.3.0/lib -L/apps/brussel/CO7/skylake/software/XZ/5.2.4-GCCcore-8.3.0/lib -L/apps/brussel/CO7/skylake/software/numactl/2.0.12-GCCcore-8.3.0/lib -L/apps/brussel/CO7/skylake/software/binutils/2.32-GCCcore-8.3.0/lib -L/apps/brussel/CO7/skylake/software/cURL/7.66.0-GCCcore-8.3.0/lib -L/apps/brussel/CO7/skylake/software/bzip2/1.0.8-GCCcore-8.3.0/lib -L/apps/brussel/CO7/skylake/software/zlib/1.2.11-GCCcore-8.3.0/lib -L/apps/brussel/CO7/skylake/software/ncurses/6.1-GCCcore-8.3.0/lib -L/apps/brussel/CO7/skylake/software/GCCcore/8.3.0/lib64 -L/apps/brussel/CO7/skylake/software/GCCcore/8.3.0/lib -L/theia/home/apps/CO7/skylake/software/GCCcore/8.3.0/bin/../lib/gcc/x86_64-pc-linux-gnu/8.3.0/../../.. CMakeFiles/cmTC_75756.dir/CMakeCXXCompilerABI.cpp.o -lstdc++ -lm -lgcc_s -lgcc -lc -lgcc_s -lgcc /theia/home/apps/CO7/skylake/software/GCCcore/8.3.0/bin/../lib/gcc/x86_64-pc-linux-gnu/8.3.0/crtend.o /lib/../lib64/crtn.o]
    arg [/theia/home/apps/CO7/skylake/software/GCCcore/8.3.0/bin/../libexec/gcc/x86_64-pc-linux-gnu/8.3.0/collect2] ==> ignore
    arg [-plugin] ==> ignore
    arg [/theia/home/apps/CO7/skylake/software/GCCcore/8.3.0/bin/../libexec/gcc/x86_64-pc-linux-gnu/8.3.0/liblto_plugin.so] ==> ignore
    arg [-plugin-opt=/theia/home/apps/CO7/skylake/software/GCCcore/8.3.0/bin/../libexec/gcc/x86_64-pc-linux-gnu/8.3.0/lto-wrapper] ==> ignore
    arg [-plugin-opt=-fresolution=/tmp/ccz5aLuz.res] ==> ignore
    arg [-plugin-opt=-pass-through=-lgcc_s] ==> ignore
    arg [-plugin-opt=-pass-through=-lgcc] ==> ignore
    arg [-plugin-opt=-pass-through=-lc] ==> ignore
    arg [-plugin-opt=-pass-through=-lgcc_s] ==> ignore
    arg [-plugin-opt=-pass-through=-lgcc] ==> ignore
    arg [--eh-frame-hdr] ==> ignore
    arg [-m] ==> ignore
    arg [elf_x86_64] ==> ignore
    arg [-dynamic-linker] ==> ignore
    arg [/lib64/ld-linux-x86-64.so.2] ==> ignore
    arg [-o] ==> ignore
    arg [cmTC_75756] ==> ignore
    arg [/lib/../lib64/crt1.o] ==> ignore
    arg [/lib/../lib64/crti.o] ==> ignore
    arg [/theia/home/apps/CO7/skylake/software/GCCcore/8.3.0/bin/../lib/gcc/x86_64-pc-linux-gnu/8.3.0/crtbegin.o] ==> ignore
    arg [-L/theia/home/apps/CO7/skylake/software/GCCcore/8.3.0/bin/../lib/gcc/x86_64-pc-linux-gnu/8.3.0] ==> dir [/theia/home/apps/CO7/skylake/software/GCCcore/8.3.0/bin/../lib/gcc/x86_64-pc-linux-gnu/8.3.0]
    arg [-L/theia/home/apps/CO7/skylake/software/GCCcore/8.3.0/bin/../lib/gcc] ==> dir [/theia/home/apps/CO7/skylake/software/GCCcore/8.3.0/bin/../lib/gcc]
    arg [-L/apps/brussel/CO7/skylake/software/GCCcore/8.3.0/lib64/../lib64] ==> dir [/apps/brussel/CO7/skylake/software/GCCcore/8.3.0/lib64/../lib64]
    arg [-L/apps/brussel/CO7/skylake/software/GCCcore/8.3.0/lib/../lib64] ==> dir [/apps/brussel/CO7/skylake/software/GCCcore/8.3.0/lib/../lib64]
    arg [-L/theia/home/apps/CO7/skylake/software/GCCcore/8.3.0/bin/../lib/gcc/x86_64-pc-linux-gnu/8.3.0/../../../../lib64] ==> dir [/theia/home/apps/CO7/skylake/software/GCCcore/8.3.0/bin/../lib/gcc/x86_64-pc-linux-gnu/8.3.0/../../../../lib64]
    arg [-L/lib/../lib64] ==> dir [/lib/../lib64]
    arg [-L/usr/lib/../lib64] ==> dir [/usr/lib/../lib64]
    arg [-L/apps/brussel/CO7/skylake/software/OpenMPI/3.1.4-GCC-8.3.0/lib] ==> dir [/apps/brussel/CO7/skylake/software/OpenMPI/3.1.4-GCC-8.3.0/lib]
    arg [-L/apps/brussel/CO7/skylake/software/hwloc/1.11.12-GCCcore-8.3.0/lib] ==> dir [/apps/brussel/CO7/skylake/software/hwloc/1.11.12-GCCcore-8.3.0/lib]
    arg [-L/apps/brussel/CO7/skylake/software/libpciaccess/0.14-GCCcore-8.3.0/lib] ==> dir [/apps/brussel/CO7/skylake/software/libpciaccess/0.14-GCCcore-8.3.0/lib]
    arg [-L/apps/brussel/CO7/skylake/software/libxml2/2.9.9-GCCcore-8.3.0/lib] ==> dir [/apps/brussel/CO7/skylake/software/libxml2/2.9.9-GCCcore-8.3.0/lib]
    arg [-L/apps/brussel/CO7/skylake/software/XZ/5.2.4-GCCcore-8.3.0/lib] ==> dir [/apps/brussel/CO7/skylake/software/XZ/5.2.4-GCCcore-8.3.0/lib]
    arg [-L/apps/brussel/CO7/skylake/software/numactl/2.0.12-GCCcore-8.3.0/lib] ==> dir [/apps/brussel/CO7/skylake/software/numactl/2.0.12-GCCcore-8.3.0/lib]
    arg [-L/apps/brussel/CO7/skylake/software/binutils/2.32-GCCcore-8.3.0/lib] ==> dir [/apps/brussel/CO7/skylake/software/binutils/2.32-GCCcore-8.3.0/lib]
    arg [-L/apps/brussel/CO7/skylake/software/cURL/7.66.0-GCCcore-8.3.0/lib] ==> dir [/apps/brussel/CO7/skylake/software/cURL/7.66.0-GCCcore-8.3.0/lib]
    arg [-L/apps/brussel/CO7/skylake/software/bzip2/1.0.8-GCCcore-8.3.0/lib] ==> dir [/apps/brussel/CO7/skylake/software/bzip2/1.0.8-GCCcore-8.3.0/lib]
    arg [-L/apps/brussel/CO7/skylake/software/zlib/1.2.11-GCCcore-8.3.0/lib] ==> dir [/apps/brussel/CO7/skylake/software/zlib/1.2.11-GCCcore-8.3.0/lib]
    arg [-L/apps/brussel/CO7/skylake/software/ncurses/6.1-GCCcore-8.3.0/lib] ==> dir [/apps/brussel/CO7/skylake/software/ncurses/6.1-GCCcore-8.3.0/lib]
    arg [-L/apps/brussel/CO7/skylake/software/GCCcore/8.3.0/lib64] ==> dir [/apps/brussel/CO7/skylake/software/GCCcore/8.3.0/lib64]
    arg [-L/apps/brussel/CO7/skylake/software/GCCcore/8.3.0/lib] ==> dir [/apps/brussel/CO7/skylake/software/GCCcore/8.3.0/lib]
    arg [-L/theia/home/apps/CO7/skylake/software/GCCcore/8.3.0/bin/../lib/gcc/x86_64-pc-linux-gnu/8.3.0/../../..] ==> dir [/theia/home/apps/CO7/skylake/software/GCCcore/8.3.0/bin/../lib/gcc/x86_64-pc-linux-gnu/8.3.0/../../..]
    arg [CMakeFiles/cmTC_75756.dir/CMakeCXXCompilerABI.cpp.o] ==> ignore
    arg [-lstdc++] ==> lib [stdc++]
    arg [-lm] ==> lib [m]
    arg [-lgcc_s] ==> lib [gcc_s]
    arg [-lgcc] ==> lib [gcc]
    arg [-lc] ==> lib [c]
    arg [-lgcc_s] ==> lib [gcc_s]
    arg [-lgcc] ==> lib [gcc]
    arg [/theia/home/apps/CO7/skylake/software/GCCcore/8.3.0/bin/../lib/gcc/x86_64-pc-linux-gnu/8.3.0/crtend.o] ==> ignore
    arg [/lib/../lib64/crtn.o] ==> ignore
  collapse library dir [/theia/home/apps/CO7/skylake/software/GCCcore/8.3.0/bin/../lib/gcc/x86_64-pc-linux-gnu/8.3.0] ==> [/theia/home/apps/CO7/skylake/software/GCCcore/8.3.0/lib/gcc/x86_64-pc-linux-gnu/8.3.0]
  collapse library dir [/theia/home/apps/CO7/skylake/software/GCCcore/8.3.0/bin/../lib/gcc] ==> [/theia/home/apps/CO7/skylake/software/GCCcore/8.3.0/lib/gcc]
  collapse library dir [/apps/brussel/CO7/skylake/software/GCCcore/8.3.0/lib64/../lib64] ==> [/apps/brussel/CO7/skylake/software/GCCcore/8.3.0/lib64]
  collapse library dir [/apps/brussel/CO7/skylake/software/GCCcore/8.3.0/lib/../lib64] ==> [/apps/brussel/CO7/skylake/software/GCCcore/8.3.0/lib64]
  collapse library dir [/theia/home/apps/CO7/skylake/software/GCCcore/8.3.0/bin/../lib/gcc/x86_64-pc-linux-gnu/8.3.0/../../../../lib64] ==> [/theia/home/apps/CO7/skylake/software/GCCcore/8.3.0/lib64]
  collapse library dir [/lib/../lib64] ==> [/lib64]
  collapse library dir [/usr/lib/../lib64] ==> [/usr/lib64]
  collapse library dir [/apps/brussel/CO7/skylake/software/OpenMPI/3.1.4-GCC-8.3.0/lib] ==> [/apps/brussel/CO7/skylake/software/OpenMPI/3.1.4-GCC-8.3.0/lib]
  collapse library dir [/apps/brussel/CO7/skylake/software/hwloc/1.11.12-GCCcore-8.3.0/lib] ==> [/apps/brussel/CO7/skylake/software/hwloc/1.11.12-GCCcore-8.3.0/lib]
  collapse library dir [/apps/brussel/CO7/skylake/software/libpciaccess/0.14-GCCcore-8.3.0/lib] ==> [/apps/brussel/CO7/skylake/software/libpciaccess/0.14-GCCcore-8.3.0/lib]
  collapse library dir [/apps/brussel/CO7/skylake/software/libxml2/2.9.9-GCCcore-8.3.0/lib] ==> [/apps/brussel/CO7/skylake/software/libxml2/2.9.9-GCCcore-8.3.0/lib]
  collapse library dir [/apps/brussel/CO7/skylake/software/XZ/5.2.4-GCCcore-8.3.0/lib] ==> [/apps/brussel/CO7/skylake/software/XZ/5.2.4-GCCcore-8.3.0/lib]
  collapse library dir [/apps/brussel/CO7/skylake/software/numactl/2.0.12-GCCcore-8.3.0/lib] ==> [/apps/brussel/CO7/skylake/software/numactl/2.0.12-GCCcore-8.3.0/lib]
  collapse library dir [/apps/brussel/CO7/skylake/software/binutils/2.32-GCCcore-8.3.0/lib] ==> [/apps/brussel/CO7/skylake/software/binutils/2.32-GCCcore-8.3.0/lib]
  collapse library dir [/apps/brussel/CO7/skylake/software/cURL/7.66.0-GCCcore-8.3.0/lib] ==> [/apps/brussel/CO7/skylake/software/cURL/7.66.0-GCCcore-8.3.0/lib]
  collapse library dir [/apps/brussel/CO7/skylake/software/bzip2/1.0.8-GCCcore-8.3.0/lib] ==> [/apps/brussel/CO7/skylake/software/bzip2/1.0.8-GCCcore-8.3.0/lib]
  collapse library dir [/apps/brussel/CO7/skylake/software/zlib/1.2.11-GCCcore-8.3.0/lib] ==> [/apps/brussel/CO7/skylake/software/zlib/1.2.11-GCCcore-8.3.0/lib]
  collapse library dir [/apps/brussel/CO7/skylake/software/ncurses/6.1-GCCcore-8.3.0/lib] ==> [/apps/brussel/CO7/skylake/software/ncurses/6.1-GCCcore-8.3.0/lib]
  collapse library dir [/apps/brussel/CO7/skylake/software/GCCcore/8.3.0/lib64] ==> [/apps/brussel/CO7/skylake/software/GCCcore/8.3.0/lib64]
  collapse library dir [/apps/brussel/CO7/skylake/software/GCCcore/8.3.0/lib] ==> [/apps/brussel/CO7/skylake/software/GCCcore/8.3.0/lib]
  collapse library dir [/theia/home/apps/CO7/skylake/software/GCCcore/8.3.0/bin/../lib/gcc/x86_64-pc-linux-gnu/8.3.0/../../..] ==> [/theia/home/apps/CO7/skylake/software/GCCcore/8.3.0/lib]
  implicit libs: [stdc++;m;gcc_s;gcc;c;gcc_s;gcc]
  implicit dirs: [/theia/home/apps/CO7/skylake/software/GCCcore/8.3.0/lib/gcc/x86_64-pc-linux-gnu/8.3.0;/theia/home/apps/CO7/skylake/software/GCCcore/8.3.0/lib/gcc;/apps/brussel/CO7/skylake/software/GCCcore/8.3.0/lib64;/theia/home/apps/CO7/skylake/software/GCCcore/8.3.0/lib64;/lib64;/usr/lib64;/apps/brussel/CO7/skylake/software/OpenMPI/3.1.4-GCC-8.3.0/lib;/apps/brussel/CO7/skylake/software/hwloc/1.11.12-GCCcore-8.3.0/lib;/apps/brussel/CO7/skylake/software/libpciaccess/0.14-GCCcore-8.3.0/lib;/apps/brussel/CO7/skylake/software/libxml2/2.9.9-GCCcore-8.3.0/lib;/apps/brussel/CO7/skylake/software/XZ/5.2.4-GCCcore-8.3.0/lib;/apps/brussel/CO7/skylake/software/numactl/2.0.12-GCCcore-8.3.0/lib;/apps/brussel/CO7/skylake/software/binutils/2.32-GCCcore-8.3.0/lib;/apps/brussel/CO7/skylake/software/cURL/7.66.0-GCCcore-8.3.0/lib;/apps/brussel/CO7/skylake/software/bzip2/1.0.8-GCCcore-8.3.0/lib;/apps/brussel/CO7/skylake/software/zlib/1.2.11-GCCcore-8.3.0/lib;/apps/brussel/CO7/skylake/software/ncurses/6.1-GCCcore-8.3.0/lib;/apps/brussel/CO7/skylake/software/GCCcore/8.3.0/lib;/theia/home/apps/CO7/skylake/software/GCCcore/8.3.0/lib]
  implicit fwks: []


